{"/home/travis/build/npmtest/node-npmtest-level/test.js":{"path":"/home/travis/build/npmtest/node-npmtest-level/test.js","s":{"1":2,"2":2,"3":2,"4":2,"5":2,"6":2,"7":2,"8":1,"9":2,"10":2,"11":1,"12":1,"13":1,"14":1,"15":2,"16":2,"17":2,"18":2,"19":1,"20":1,"21":2,"22":2,"23":2,"24":1,"25":1,"26":1,"27":1,"28":1,"29":1,"30":1,"31":1,"32":1,"33":1,"34":1,"35":1,"36":1,"37":1,"38":1,"39":2,"40":2,"41":1,"42":2,"43":2,"44":1,"45":2,"46":2,"47":1,"48":2,"49":2,"50":1,"51":1,"52":1,"53":1,"54":1},"b":{"1":[2,1,1,1],"2":[1,1,1,1],"3":[1,1],"4":[1,1],"5":[1,1],"6":[1,1],"7":[1,1],"8":[1,1],"9":[1,1],"10":[1,1,1],"11":[1,1],"12":[1,1],"13":[1,1],"14":[1,1],"15":[1,1],"16":[1,1],"17":[1,1]},"f":{"1":2,"2":2,"3":2,"4":2,"5":2,"6":1,"7":1,"8":1,"9":2,"10":2,"11":2,"12":2,"13":1},"fnMap":{"1":{"name":"(anonymous_1)","line":12,"loc":{"start":{"line":12,"column":1},"end":{"line":12,"column":13}}},"2":{"name":"(anonymous_2)","line":19,"loc":{"start":{"line":19,"column":5},"end":{"line":19,"column":17}}},"3":{"name":"(anonymous_3)","line":23,"loc":{"start":{"line":23,"column":24},"end":{"line":23,"column":36}}},"4":{"name":"(anonymous_4)","line":61,"loc":{"start":{"line":61,"column":5},"end":{"line":61,"column":17}}},"5":{"name":"(anonymous_5)","line":82,"loc":{"start":{"line":82,"column":5},"end":{"line":82,"column":17}}},"6":{"name":"(anonymous_6)","line":91,"loc":{"start":{"line":91,"column":77},"end":{"line":94,"column":10}}},"7":{"name":"(anonymous_7)","line":112,"loc":{"start":{"line":112,"column":83},"end":{"line":115,"column":10}},"skip":true},"8":{"name":"(anonymous_8)","line":123,"loc":{"start":{"line":123,"column":77},"end":{"line":126,"column":10}},"skip":true},"9":{"name":"(anonymous_9)","line":139,"loc":{"start":{"line":139,"column":12},"end":{"line":139,"column":40}},"skip":true},"10":{"name":"(anonymous_10)","line":147,"loc":{"start":{"line":147,"column":77},"end":{"line":150,"column":10}},"skip":true},"11":{"name":"(anonymous_11)","line":158,"loc":{"start":{"line":158,"column":83},"end":{"line":161,"column":10}},"skip":true},"12":{"name":"(anonymous_12)","line":169,"loc":{"start":{"line":169,"column":79},"end":{"line":172,"column":10}},"skip":true},"13":{"name":"(anonymous_13)","line":180,"loc":{"start":{"line":180,"column":75},"end":{"line":183,"column":10}},"skip":true}},"statementMap":{"1":{"start":{"line":12,"column":0},"end":{"line":195,"column":5}},"2":{"start":{"line":14,"column":4},"end":{"line":14,"column":14}},"3":{"start":{"line":19,"column":4},"end":{"line":56,"column":9}},"4":{"start":{"line":21,"column":8},"end":{"line":21,"column":19}},"5":{"start":{"line":23,"column":8},"end":{"line":35,"column":13}},"6":{"start":{"line":24,"column":12},"end":{"line":34,"column":13}},"7":{"start":{"line":25,"column":16},"end":{"line":28,"column":30}},"8":{"start":{"line":30,"column":16},"end":{"line":33,"column":27}},"9":{"start":{"line":37,"column":8},"end":{"line":39,"column":21}},"10":{"start":{"line":40,"column":8},"end":{"line":53,"column":9}},"11":{"start":{"line":43,"column":12},"end":{"line":46,"column":14}},"12":{"start":{"line":47,"column":12},"end":{"line":47,"column":18}},"13":{"start":{"line":50,"column":12},"end":{"line":51,"column":46}},"14":{"start":{"line":52,"column":12},"end":{"line":52,"column":18}},"15":{"start":{"line":55,"column":8},"end":{"line":55,"column":35}},"16":{"start":{"line":61,"column":4},"end":{"line":63,"column":9}},"17":{"start":{"line":62,"column":8},"end":{"line":62,"column":15}},"18":{"start":{"line":64,"column":4},"end":{"line":77,"column":5}},"19":{"start":{"line":70,"column":8},"end":{"line":70,"column":14}},"20":{"start":{"line":76,"column":8},"end":{"line":76,"column":14}},"21":{"start":{"line":82,"column":4},"end":{"line":84,"column":9}},"22":{"start":{"line":83,"column":8},"end":{"line":83,"column":15}},"23":{"start":{"line":85,"column":4},"end":{"line":194,"column":5}},"24":{"start":{"line":91,"column":8},"end":{"line":99,"column":10}},"25":{"start":{"line":98,"column":12},"end":{"line":98,"column":35}},"26":{"start":{"line":102,"column":8},"end":{"line":104,"column":63}},"27":{"start":{"line":105,"column":8},"end":{"line":105,"column":14}},"28":{"start":{"line":112,"column":8},"end":{"line":121,"column":10},"skip":true},"29":{"start":{"line":119,"column":12},"end":{"line":119,"column":55},"skip":true},"30":{"start":{"line":120,"column":12},"end":{"line":120,"column":48},"skip":true},"31":{"start":{"line":123,"column":8},"end":{"line":136,"column":10},"skip":true},"32":{"start":{"line":130,"column":12},"end":{"line":130,"column":76},"skip":true},"33":{"start":{"line":131,"column":12},"end":{"line":131,"column":73},"skip":true},"34":{"start":{"line":132,"column":12},"end":{"line":132,"column":74},"skip":true},"35":{"start":{"line":133,"column":12},"end":{"line":133,"column":79},"skip":true},"36":{"start":{"line":134,"column":12},"end":{"line":134,"column":25},"skip":true},"37":{"start":{"line":135,"column":12},"end":{"line":135,"column":45},"skip":true},"38":{"start":{"line":138,"column":8},"end":{"line":145,"column":14},"skip":true},"39":{"start":{"line":143,"column":16},"end":{"line":143,"column":29},"skip":true},"40":{"start":{"line":144,"column":16},"end":{"line":144,"column":55},"skip":true},"41":{"start":{"line":147,"column":8},"end":{"line":156,"column":10},"skip":true},"42":{"start":{"line":154,"column":12},"end":{"line":154,"column":25},"skip":true},"43":{"start":{"line":155,"column":12},"end":{"line":155,"column":45},"skip":true},"44":{"start":{"line":158,"column":8},"end":{"line":167,"column":10},"skip":true},"45":{"start":{"line":165,"column":12},"end":{"line":165,"column":25},"skip":true},"46":{"start":{"line":166,"column":12},"end":{"line":166,"column":48},"skip":true},"47":{"start":{"line":169,"column":8},"end":{"line":178,"column":10},"skip":true},"48":{"start":{"line":176,"column":12},"end":{"line":176,"column":25},"skip":true},"49":{"start":{"line":177,"column":12},"end":{"line":177,"column":46},"skip":true},"50":{"start":{"line":180,"column":8},"end":{"line":189,"column":10},"skip":true},"51":{"start":{"line":187,"column":12},"end":{"line":187,"column":94},"skip":true},"52":{"start":{"line":188,"column":12},"end":{"line":188,"column":48},"skip":true},"53":{"start":{"line":192,"column":8},"end":{"line":192,"column":35},"skip":true},"54":{"start":{"line":193,"column":8},"end":{"line":193,"column":14},"skip":true}},"branchMap":{"1":{"line":25,"type":"binary-expr","locations":[{"start":{"line":25,"column":23},"end":{"line":25,"column":62}},{"start":{"line":26,"column":20},"end":{"line":26,"column":70}},{"start":{"line":27,"column":20},"end":{"line":27,"column":71}},{"start":{"line":28,"column":20},"end":{"line":28,"column":29}}]},"2":{"line":30,"type":"binary-expr","locations":[{"start":{"line":30,"column":23},"end":{"line":30,"column":37}},{"start":{"line":31,"column":20},"end":{"line":31,"column":61}},{"start":{"line":32,"column":20},"end":{"line":32,"column":70}},{"start":{"line":33,"column":20},"end":{"line":33,"column":26}}]},"3":{"line":37,"type":"cond-expr","locations":[{"start":{"line":38,"column":14},"end":{"line":38,"column":20}},{"start":{"line":39,"column":14},"end":{"line":39,"column":20}}]},"4":{"line":40,"type":"switch","locations":[{"start":{"line":42,"column":8},"end":{"line":47,"column":18}},{"start":{"line":49,"column":8},"end":{"line":52,"column":18}}]},"5":{"line":44,"type":"binary-expr","locations":[{"start":{"line":44,"column":16},"end":{"line":44,"column":44}},{"start":{"line":44,"column":48},"end":{"line":44,"column":66}}]},"6":{"line":50,"type":"binary-expr","locations":[{"start":{"line":50,"column":21},"end":{"line":50,"column":49}},{"start":{"line":50,"column":53},"end":{"line":50,"column":72}}]},"7":{"line":64,"type":"switch","locations":[{"start":{"line":69,"column":4},"end":{"line":70,"column":14}},{"start":{"line":75,"column":4},"end":{"line":76,"column":14}}]},"8":{"line":85,"type":"switch","locations":[{"start":{"line":90,"column":4},"end":{"line":105,"column":14}},{"start":{"line":111,"column":4},"end":{"line":193,"column":14},"skip":true}]},"9":{"line":91,"type":"binary-expr","locations":[{"start":{"line":91,"column":42},"end":{"line":91,"column":73}},{"start":{"line":91,"column":77},"end":{"line":99,"column":9}}]},"10":{"line":102,"type":"binary-expr","locations":[{"start":{"line":102,"column":18},"end":{"line":102,"column":32}},{"start":{"line":103,"column":12},"end":{"line":103,"column":53}},{"start":{"line":104,"column":12},"end":{"line":104,"column":61}}]},"11":{"line":112,"type":"binary-expr","locations":[{"start":{"line":112,"column":45},"end":{"line":112,"column":79},"skip":true},{"start":{"line":112,"column":83},"end":{"line":121,"column":9},"skip":true}]},"12":{"line":123,"type":"binary-expr","locations":[{"start":{"line":123,"column":42},"end":{"line":123,"column":73},"skip":true},{"start":{"line":123,"column":77},"end":{"line":136,"column":9},"skip":true}]},"13":{"line":138,"type":"binary-expr","locations":[{"start":{"line":138,"column":48},"end":{"line":138,"column":85},"skip":true},{"start":{"line":139,"column":12},"end":{"line":145,"column":13},"skip":true}]},"14":{"line":147,"type":"binary-expr","locations":[{"start":{"line":147,"column":42},"end":{"line":147,"column":73},"skip":true},{"start":{"line":147,"column":77},"end":{"line":156,"column":9},"skip":true}]},"15":{"line":158,"type":"binary-expr","locations":[{"start":{"line":158,"column":45},"end":{"line":158,"column":79},"skip":true},{"start":{"line":158,"column":83},"end":{"line":167,"column":9},"skip":true}]},"16":{"line":169,"type":"binary-expr","locations":[{"start":{"line":169,"column":43},"end":{"line":169,"column":75},"skip":true},{"start":{"line":169,"column":79},"end":{"line":178,"column":9},"skip":true}]},"17":{"line":180,"type":"binary-expr","locations":[{"start":{"line":180,"column":41},"end":{"line":180,"column":71},"skip":true},{"start":{"line":180,"column":75},"end":{"line":189,"column":9},"skip":true}]}},"code":["/* istanbul instrument in package npmtest_level */","/*jslint","    bitwise: true,","    browser: true,","    maxerr: 8,","    maxlen: 96,","    node: true,","    nomen: true,","    regexp: true,","    stupid: true","*/","(function () {","    'use strict';","    var local;","","","","    // run shared js-env code - pre-init","    (function () {","        // init local","        local = {};","        // init modeJs","        local.modeJs = (function () {","            try {","                return typeof navigator.userAgent === 'string' &&","                    typeof document.querySelector('body') === 'object' &&","                    typeof XMLHttpRequest.prototype.open === 'function' &&","                    'browser';","            } catch (errorCaughtBrowser) {","                return module.exports &&","                    typeof process.versions.node === 'string' &&","                    typeof require('http').createServer === 'function' &&","                    'node';","            }","        }());","        // init global","        local.global = local.modeJs === 'browser'","            ? window","            : global;","        switch (local.modeJs) {","        // re-init local from window.local","        case 'browser':","            local = local.global.utility2.objectSetDefault(","                local.global.utility2_rollup || local.global.local,","                local.global.utility2","            );","            break;","        // re-init local from example.js","        case 'node':","            local = (local.global.utility2_rollup || require('utility2'))","                .requireExampleJsFromReadme();","            break;","        }","        // export local","        local.global.local = local;","    }());","","","","    // run shared js-env code - function","    (function () {","        return;","    }());","    switch (local.modeJs) {","","","","    // run browser js-env code - function","    case 'browser':","        break;","","","","    // run node js-env code - function","    case 'node':","        break;","    }","","","","    // run shared js-env code - post-init","    (function () {","        return;","    }());","    switch (local.modeJs) {","","","","    // run browser js-env code - post-init","    case 'browser':","        local.testCase_browser_nullCase = local.testCase_browser_nullCase || function (","            options,","            onError","        ) {","        /*","         * this function will test browsers's null-case handling-behavior-behavior","         */","            onError(null, options);","        };","","        // run tests","        local.nop(local.modeTest &&","            document.querySelector('#testRunButton1') &&","            document.querySelector('#testRunButton1').click());","        break;","","","","    // run node js-env code - post-init","    /* istanbul ignore next */","    case 'node':","        local.testCase_buildApidoc_default = local.testCase_buildApidoc_default || function (","            options,","            onError","        ) {","        /*","         * this function will test buildApidoc's default handling-behavior-behavior","         */","            options = { modulePathList: module.paths };","            local.buildApidoc(options, onError);","        };","","        local.testCase_buildApp_default = local.testCase_buildApp_default || function (","            options,","            onError","        ) {","        /*","         * this function will test buildApp's default handling-behavior-behavior","         */","            local.testCase_buildReadme_default(options, local.onErrorThrow);","            local.testCase_buildLib_default(options, local.onErrorThrow);","            local.testCase_buildTest_default(options, local.onErrorThrow);","            local.testCase_buildCustomOrg_default(options, local.onErrorThrow);","            options = [];","            local.buildApp(options, onError);","        };","","        local.testCase_buildCustomOrg_default = local.testCase_buildCustomOrg_default ||","            function (options, onError) {","            /*","             * this function will test buildCustomOrg's default handling-behavior","             */","                options = {};","                local.buildCustomOrg(options, onError);","            };","","        local.testCase_buildLib_default = local.testCase_buildLib_default || function (","            options,","            onError","        ) {","        /*","         * this function will test buildLib's default handling-behavior","         */","            options = {};","            local.buildLib(options, onError);","        };","","        local.testCase_buildReadme_default = local.testCase_buildReadme_default || function (","            options,","            onError","        ) {","        /*","         * this function will test buildReadme's default handling-behavior-behavior","         */","            options = {};","            local.buildReadme(options, onError);","        };","","        local.testCase_buildTest_default = local.testCase_buildTest_default || function (","            options,","            onError","        ) {","        /*","         * this function will test buildTest's default handling-behavior","         */","            options = {};","            local.buildTest(options, onError);","        };","","        local.testCase_webpage_default = local.testCase_webpage_default || function (","            options,","            onError","        ) {","        /*","         * this function will test webpage's default handling-behavior","         */","            options = { modeCoverageMerge: true, url: local.serverLocalHost + '?modeTest=1' };","            local.browserTest(options, onError);","        };","","        // run test-server","        local.testRunServer(local);","        break;","    }","}());",""],"l":{"12":2,"14":2,"19":2,"21":2,"23":2,"24":2,"25":2,"30":1,"37":2,"40":2,"43":1,"47":1,"50":1,"52":1,"55":2,"61":2,"62":2,"64":2,"70":1,"76":1,"82":2,"83":2,"85":2,"91":1,"98":1,"102":1,"105":1,"112":1,"119":1,"120":1,"123":1,"130":1,"131":1,"132":1,"133":1,"134":1,"135":1,"138":1,"143":2,"144":2,"147":1,"154":2,"155":2,"158":1,"165":2,"166":2,"169":1,"176":2,"177":2,"180":1,"187":1,"188":1,"192":1,"193":1}},"/home/travis/build/npmtest/node-npmtest-level/lib.npmtest_level.js":{"path":"/home/travis/build/npmtest/node-npmtest-level/lib.npmtest_level.js","s":{"1":2,"2":2,"3":2,"4":2,"5":2,"6":2,"7":2,"8":1,"9":2,"10":2,"11":2,"12":2,"13":1,"14":1,"15":1,"16":1},"b":{"1":[2,1,1,1],"2":[1,1,1,1],"3":[1,1],"4":[2,2],"5":[1,1]},"f":{"1":2,"2":2,"3":2},"fnMap":{"1":{"name":"(anonymous_1)","line":12,"loc":{"start":{"line":12,"column":1},"end":{"line":12,"column":13}}},"2":{"name":"(anonymous_2)","line":19,"loc":{"start":{"line":19,"column":5},"end":{"line":19,"column":17}}},"3":{"name":"(anonymous_3)","line":23,"loc":{"start":{"line":23,"column":24},"end":{"line":23,"column":36}}}},"statementMap":{"1":{"start":{"line":12,"column":0},"end":{"line":53,"column":5}},"2":{"start":{"line":14,"column":4},"end":{"line":14,"column":14}},"3":{"start":{"line":19,"column":4},"end":{"line":52,"column":9}},"4":{"start":{"line":21,"column":8},"end":{"line":21,"column":19}},"5":{"start":{"line":23,"column":8},"end":{"line":35,"column":13}},"6":{"start":{"line":24,"column":12},"end":{"line":34,"column":13}},"7":{"start":{"line":25,"column":16},"end":{"line":28,"column":30}},"8":{"start":{"line":30,"column":16},"end":{"line":33,"column":27}},"9":{"start":{"line":37,"column":8},"end":{"line":39,"column":21}},"10":{"start":{"line":41,"column":8},"end":{"line":41,"column":54}},"11":{"start":{"line":43,"column":8},"end":{"line":43,"column":50}},"12":{"start":{"line":45,"column":8},"end":{"line":51,"column":9}},"13":{"start":{"line":46,"column":12},"end":{"line":46,"column":56}},"14":{"start":{"line":48,"column":12},"end":{"line":48,"column":35}},"15":{"start":{"line":49,"column":12},"end":{"line":49,"column":49}},"16":{"start":{"line":50,"column":12},"end":{"line":50,"column":43}}},"branchMap":{"1":{"line":25,"type":"binary-expr","locations":[{"start":{"line":25,"column":23},"end":{"line":25,"column":62}},{"start":{"line":26,"column":20},"end":{"line":26,"column":70}},{"start":{"line":27,"column":20},"end":{"line":27,"column":71}},{"start":{"line":28,"column":20},"end":{"line":28,"column":29}}]},"2":{"line":30,"type":"binary-expr","locations":[{"start":{"line":30,"column":23},"end":{"line":30,"column":37}},{"start":{"line":31,"column":20},"end":{"line":31,"column":61}},{"start":{"line":32,"column":20},"end":{"line":32,"column":70}},{"start":{"line":33,"column":20},"end":{"line":33,"column":26}}]},"3":{"line":37,"type":"cond-expr","locations":[{"start":{"line":38,"column":14},"end":{"line":38,"column":20}},{"start":{"line":39,"column":14},"end":{"line":39,"column":20}}]},"4":{"line":41,"type":"binary-expr","locations":[{"start":{"line":41,"column":16},"end":{"line":41,"column":44}},{"start":{"line":41,"column":48},"end":{"line":41,"column":53}}]},"5":{"line":45,"type":"if","locations":[{"start":{"line":45,"column":8},"end":{"line":45,"column":8}},{"start":{"line":45,"column":8},"end":{"line":45,"column":8}}]}},"code":["/* istanbul instrument in package npmtest_level */","/*jslint","    bitwise: true,","    browser: true,","    maxerr: 8,","    maxlen: 96,","    node: true,","    nomen: true,","    regexp: true,","    stupid: true","*/","(function () {","    'use strict';","    var local;","","","","    // run shared js-env code - pre-init","    (function () {","        // init local","        local = {};","        // init modeJs","        local.modeJs = (function () {","            try {","                return typeof navigator.userAgent === 'string' &&","                    typeof document.querySelector('body') === 'object' &&","                    typeof XMLHttpRequest.prototype.open === 'function' &&","                    'browser';","            } catch (errorCaughtBrowser) {","                return module.exports &&","                    typeof process.versions.node === 'string' &&","                    typeof require('http').createServer === 'function' &&","                    'node';","            }","        }());","        // init global","        local.global = local.modeJs === 'browser'","            ? window","            : global;","        // init utility2_rollup","        local = local.global.utility2_rollup || local;","        // init lib","        local.local = local.npmtest_level = local;","        // init exports","        if (local.modeJs === 'browser') {","            local.global.utility2_npmtest_level = local;","        } else {","            module.exports = local;","            module.exports.__dirname = __dirname;","            module.exports.module = module;","        }","    }());","}());",""],"l":{"12":2,"14":2,"19":2,"21":2,"23":2,"24":2,"25":2,"30":1,"37":2,"41":2,"43":2,"45":2,"46":1,"48":1,"49":1,"50":1}},"/home/travis/build/npmtest/node-npmtest-level/example.js":{"path":"/home/travis/build/npmtest/node-npmtest-level/example.js","s":{"1":2,"2":2,"3":2,"4":2,"5":2,"6":2,"7":2,"8":1,"9":2,"10":2,"11":2,"12":2,"13":1,"14":2,"15":2,"16":2,"17":2,"18":2,"19":0,"20":2,"21":1,"22":1,"23":1,"24":1,"25":1,"26":0,"27":0,"28":1,"29":1,"30":2,"31":0,"32":0,"33":0,"34":1,"35":2,"36":2,"37":3,"38":3,"39":3,"40":3,"41":0,"42":3,"43":3,"44":3,"45":1,"46":3,"47":1,"48":1,"49":1,"50":1,"51":1,"52":1,"53":1,"54":1,"55":1,"56":1,"57":0,"58":1,"59":6,"60":6,"61":1,"62":2,"63":0,"64":2,"65":1,"66":1,"67":0,"68":0,"69":0,"70":0,"71":0,"72":0,"73":0,"74":0,"75":0,"76":0,"77":0,"78":0,"79":0,"80":0,"81":0,"82":0,"83":0},"b":{"1":[2,1,1,1],"2":[1,1,1,1],"3":[1,1],"4":[2,2],"5":[1,1],"6":[1,1],"7":[2,0],"8":[2,1,1,1,1,1],"9":[0,2,0],"10":[1,1],"11":[2,1,1],"12":[1,0],"13":[0,2],"14":[2,0,0,0,0,0,0],"15":[0,3],"16":[3,0],"17":[1,1],"18":[0,1],"19":[1,2,0,2],"20":[1,0],"21":[1,1],"22":[0,0],"23":[0,0],"24":[0,0],"25":[0,0],"26":[0,0],"27":[0,0],"28":[0,0]},"f":{"1":2,"2":2,"3":2,"4":2,"5":2,"6":2,"7":3,"8":3,"9":3,"10":1,"11":6,"12":0},"fnMap":{"1":{"name":"(anonymous_1)","line":26,"loc":{"start":{"line":26,"column":1},"end":{"line":26,"column":13}}},"2":{"name":"(anonymous_2)","line":33,"loc":{"start":{"line":33,"column":5},"end":{"line":33,"column":17}}},"3":{"name":"(anonymous_3)","line":37,"loc":{"start":{"line":37,"column":24},"end":{"line":37,"column":36}}},"4":{"name":"(anonymous_4)","line":69,"loc":{"start":{"line":69,"column":31},"end":{"line":69,"column":48}},"skip":true},"5":{"name":"(anonymous_5)","line":78,"loc":{"start":{"line":78,"column":26},"end":{"line":78,"column":45}},"skip":true},"6":{"name":"(anonymous_6)","line":123,"loc":{"start":{"line":123,"column":33},"end":{"line":123,"column":48}},"skip":true},"7":{"name":"(anonymous_7)","line":125,"loc":{"start":{"line":125,"column":27},"end":{"line":125,"column":39}},"skip":true},"8":{"name":"(anonymous_8)","line":133,"loc":{"start":{"line":133,"column":59},"end":{"line":133,"column":74}},"skip":true},"9":{"name":"(anonymous_9)","line":143,"loc":{"start":{"line":143,"column":45},"end":{"line":143,"column":62}},"skip":true},"10":{"name":"(anonymous_10)","line":144,"loc":{"start":{"line":144,"column":73},"end":{"line":144,"column":92}},"skip":true},"11":{"name":"(anonymous_11)","line":272,"loc":{"start":{"line":272,"column":51},"end":{"line":272,"column":77}},"skip":true},"12":{"name":"(anonymous_12)","line":315,"loc":{"start":{"line":315,"column":32},"end":{"line":315,"column":61}},"skip":true}},"statementMap":{"1":{"start":{"line":26,"column":0},"end":{"line":326,"column":5}},"2":{"start":{"line":28,"column":4},"end":{"line":28,"column":14}},"3":{"start":{"line":33,"column":4},"end":{"line":60,"column":9}},"4":{"start":{"line":35,"column":8},"end":{"line":35,"column":19}},"5":{"start":{"line":37,"column":8},"end":{"line":49,"column":13}},"6":{"start":{"line":38,"column":12},"end":{"line":48,"column":13}},"7":{"start":{"line":39,"column":16},"end":{"line":42,"column":30}},"8":{"start":{"line":44,"column":16},"end":{"line":47,"column":27}},"9":{"start":{"line":51,"column":8},"end":{"line":53,"column":21}},"10":{"start":{"line":55,"column":8},"end":{"line":57,"column":45}},"11":{"start":{"line":59,"column":8},"end":{"line":59,"column":35}},"12":{"start":{"line":61,"column":4},"end":{"line":325,"column":5}},"13":{"start":{"line":69,"column":8},"end":{"line":121,"column":10},"skip":true},"14":{"start":{"line":70,"column":12},"end":{"line":88,"column":13},"skip":true},"15":{"start":{"line":76,"column":16},"end":{"line":87,"column":19},"skip":true},"16":{"start":{"line":79,"column":20},"end":{"line":86,"column":21},"skip":true},"17":{"start":{"line":82,"column":24},"end":{"line":82,"column":43},"skip":true},"18":{"start":{"line":83,"column":24},"end":{"line":83,"column":30},"skip":true},"19":{"start":{"line":85,"column":24},"end":{"line":85,"column":49},"skip":true},"20":{"start":{"line":89,"column":12},"end":{"line":107,"column":13},"skip":true},"21":{"start":{"line":92,"column":16},"end":{"line":102,"column":17},"skip":true},"22":{"start":{"line":93,"column":20},"end":{"line":93,"column":86},"skip":true},"23":{"start":{"line":94,"column":20},"end":{"line":95,"column":45},"skip":true},"24":{"start":{"line":96,"column":20},"end":{"line":96,"column":42},"skip":true},"25":{"start":{"line":97,"column":20},"end":{"line":97,"column":48},"skip":true},"26":{"start":{"line":100,"column":20},"end":{"line":100,"column":85},"skip":true},"27":{"start":{"line":101,"column":20},"end":{"line":101,"column":96},"skip":true},"28":{"start":{"line":103,"column":16},"end":{"line":103,"column":22},"skip":true},"29":{"start":{"line":106,"column":16},"end":{"line":106,"column":22},"skip":true},"30":{"start":{"line":108,"column":12},"end":{"line":120,"column":13},"skip":true},"31":{"start":{"line":114,"column":16},"end":{"line":119,"column":17},"skip":true},"32":{"start":{"line":116,"column":20},"end":{"line":116,"column":78},"skip":true},"33":{"start":{"line":118,"column":20},"end":{"line":118,"column":47},"skip":true},"34":{"start":{"line":123,"column":8},"end":{"line":141,"column":11},"skip":true},"35":{"start":{"line":124,"column":12},"end":{"line":124,"column":54},"skip":true},"36":{"start":{"line":125,"column":12},"end":{"line":140,"column":14},"skip":true},"37":{"start":{"line":126,"column":16},"end":{"line":126,"column":28},"skip":true},"38":{"start":{"line":127,"column":16},"end":{"line":127,"column":69},"skip":true},"39":{"start":{"line":128,"column":16},"end":{"line":128,"column":75},"skip":true},"40":{"start":{"line":129,"column":16},"end":{"line":131,"column":17},"skip":true},"41":{"start":{"line":130,"column":20},"end":{"line":130,"column":27},"skip":true},"42":{"start":{"line":133,"column":16},"end":{"line":137,"column":36},"skip":true},"43":{"start":{"line":134,"column":20},"end":{"line":136,"column":55},"skip":true},"44":{"start":{"line":139,"column":16},"end":{"line":139,"column":57},"skip":true},"45":{"start":{"line":143,"column":8},"end":{"line":147,"column":11},"skip":true},"46":{"start":{"line":144,"column":12},"end":{"line":146,"column":15},"skip":true},"47":{"start":{"line":145,"column":16},"end":{"line":145,"column":70},"skip":true},"48":{"start":{"line":149,"column":8},"end":{"line":149,"column":31},"skip":true},"49":{"start":{"line":150,"column":8},"end":{"line":150,"column":14},"skip":true},"50":{"start":{"line":158,"column":8},"end":{"line":158,"column":31},"skip":true},"51":{"start":{"line":160,"column":8},"end":{"line":160,"column":33},"skip":true},"52":{"start":{"line":161,"column":8},"end":{"line":161,"column":37},"skip":true},"53":{"start":{"line":162,"column":8},"end":{"line":162,"column":35},"skip":true},"54":{"start":{"line":164,"column":8},"end":{"line":164,"column":50},"skip":true},"55":{"start":{"line":166,"column":8},"end":{"line":256,"column":2},"skip":true},"56":{"start":{"line":258,"column":8},"end":{"line":286,"column":9},"skip":true},"57":{"start":{"line":259,"column":12},"end":{"line":269,"column":14},"skip":true},"58":{"start":{"line":271,"column":12},"end":{"line":285,"column":19},"skip":true},"59":{"start":{"line":274,"column":20},"end":{"line":274,"column":35},"skip":true},"60":{"start":{"line":275,"column":20},"end":{"line":284,"column":21},"skip":true},"61":{"start":{"line":277,"column":24},"end":{"line":277,"column":64},"skip":true},"62":{"start":{"line":279,"column":24},"end":{"line":279,"column":40},"skip":true},"63":{"start":{"line":281,"column":24},"end":{"line":281,"column":40},"skip":true},"64":{"start":{"line":283,"column":24},"end":{"line":283,"column":39},"skip":true},"65":{"start":{"line":288,"column":8},"end":{"line":290,"column":9},"skip":true},"66":{"start":{"line":289,"column":12},"end":{"line":289,"column":18},"skip":true},"67":{"start":{"line":291,"column":8},"end":{"line":293,"column":54},"skip":true},"68":{"start":{"line":296,"column":8},"end":{"line":301,"column":37},"skip":true},"69":{"start":{"line":303,"column":8},"end":{"line":303,"column":82},"skip":true},"70":{"start":{"line":306,"column":8},"end":{"line":308,"column":9},"skip":true},"71":{"start":{"line":307,"column":12},"end":{"line":307,"column":82},"skip":true},"72":{"start":{"line":310,"column":8},"end":{"line":312,"column":9},"skip":true},"73":{"start":{"line":311,"column":12},"end":{"line":311,"column":18},"skip":true},"74":{"start":{"line":313,"column":8},"end":{"line":313,"column":54},"skip":true},"75":{"start":{"line":314,"column":8},"end":{"line":314,"column":69},"skip":true},"76":{"start":{"line":315,"column":8},"end":{"line":323,"column":36},"skip":true},"77":{"start":{"line":316,"column":12},"end":{"line":316,"column":61},"skip":true},"78":{"start":{"line":317,"column":12},"end":{"line":320,"column":13},"skip":true},"79":{"start":{"line":318,"column":16},"end":{"line":318,"column":75},"skip":true},"80":{"start":{"line":319,"column":16},"end":{"line":319,"column":23},"skip":true},"81":{"start":{"line":321,"column":12},"end":{"line":321,"column":38},"skip":true},"82":{"start":{"line":322,"column":12},"end":{"line":322,"column":27},"skip":true},"83":{"start":{"line":324,"column":8},"end":{"line":324,"column":14},"skip":true}},"branchMap":{"1":{"line":39,"type":"binary-expr","locations":[{"start":{"line":39,"column":23},"end":{"line":39,"column":62}},{"start":{"line":40,"column":20},"end":{"line":40,"column":70}},{"start":{"line":41,"column":20},"end":{"line":41,"column":71}},{"start":{"line":42,"column":20},"end":{"line":42,"column":29}}]},"2":{"line":44,"type":"binary-expr","locations":[{"start":{"line":44,"column":23},"end":{"line":44,"column":37}},{"start":{"line":45,"column":20},"end":{"line":45,"column":61}},{"start":{"line":46,"column":20},"end":{"line":46,"column":70}},{"start":{"line":47,"column":20},"end":{"line":47,"column":26}}]},"3":{"line":51,"type":"cond-expr","locations":[{"start":{"line":52,"column":14},"end":{"line":52,"column":20}},{"start":{"line":53,"column":14},"end":{"line":53,"column":20}}]},"4":{"line":55,"type":"binary-expr","locations":[{"start":{"line":55,"column":16},"end":{"line":55,"column":44}},{"start":{"line":55,"column":49},"end":{"line":57,"column":43}}]},"5":{"line":55,"type":"cond-expr","locations":[{"start":{"line":56,"column":14},"end":{"line":56,"column":49}},{"start":{"line":57,"column":14},"end":{"line":57,"column":43}}]},"6":{"line":61,"type":"switch","locations":[{"start":{"line":68,"column":4},"end":{"line":150,"column":14},"skip":true},{"start":{"line":156,"column":4},"end":{"line":324,"column":14},"skip":true}]},"7":{"line":70,"type":"if","locations":[{"start":{"line":70,"column":12},"end":{"line":70,"column":12},"skip":true},{"start":{"line":70,"column":12},"end":{"line":70,"column":12},"skip":true}]},"8":{"line":70,"type":"binary-expr","locations":[{"start":{"line":70,"column":16},"end":{"line":70,"column":22},"skip":true},{"start":{"line":70,"column":27},"end":{"line":70,"column":32},"skip":true},{"start":{"line":71,"column":20},"end":{"line":71,"column":39},"skip":true},{"start":{"line":72,"column":20},"end":{"line":72,"column":49},"skip":true},{"start":{"line":73,"column":20},"end":{"line":73,"column":58},"skip":true},{"start":{"line":74,"column":20},"end":{"line":74,"column":69},"skip":true}]},"9":{"line":79,"type":"switch","locations":[{"start":{"line":80,"column":20},"end":{"line":80,"column":33},"skip":true},{"start":{"line":81,"column":20},"end":{"line":83,"column":30},"skip":true},{"start":{"line":84,"column":20},"end":{"line":85,"column":49},"skip":true}]},"10":{"line":89,"type":"switch","locations":[{"start":{"line":90,"column":12},"end":{"line":103,"column":22},"skip":true},{"start":{"line":105,"column":12},"end":{"line":106,"column":22},"skip":true}]},"11":{"line":89,"type":"binary-expr","locations":[{"start":{"line":89,"column":20},"end":{"line":89,"column":25},"skip":true},{"start":{"line":89,"column":29},"end":{"line":89,"column":48},"skip":true},{"start":{"line":89,"column":52},"end":{"line":89,"column":74},"skip":true}]},"12":{"line":92,"type":"if","locations":[{"start":{"line":92,"column":16},"end":{"line":92,"column":16},"skip":true},{"start":{"line":92,"column":16},"end":{"line":92,"column":16},"skip":true}]},"13":{"line":108,"type":"if","locations":[{"start":{"line":108,"column":12},"end":{"line":108,"column":12},"skip":true},{"start":{"line":108,"column":12},"end":{"line":108,"column":12},"skip":true}]},"14":{"line":108,"type":"binary-expr","locations":[{"start":{"line":108,"column":16},"end":{"line":108,"column":61},"skip":true},{"start":{"line":108,"column":66},"end":{"line":108,"column":72},"skip":true},{"start":{"line":108,"column":77},"end":{"line":108,"column":82},"skip":true},{"start":{"line":109,"column":20},"end":{"line":109,"column":39},"skip":true},{"start":{"line":110,"column":20},"end":{"line":110,"column":49},"skip":true},{"start":{"line":111,"column":20},"end":{"line":111,"column":58},"skip":true},{"start":{"line":112,"column":20},"end":{"line":112,"column":68},"skip":true}]},"15":{"line":129,"type":"if","locations":[{"start":{"line":129,"column":16},"end":{"line":129,"column":16},"skip":true},{"start":{"line":129,"column":16},"end":{"line":129,"column":16},"skip":true}]},"16":{"line":134,"type":"cond-expr","locations":[{"start":{"line":135,"column":26},"end":{"line":135,"column":29},"skip":true},{"start":{"line":136,"column":26},"end":{"line":136,"column":54},"skip":true}]},"17":{"line":164,"type":"binary-expr","locations":[{"start":{"line":164,"column":27},"end":{"line":164,"column":43},"skip":true},{"start":{"line":164,"column":47},"end":{"line":164,"column":49},"skip":true}]},"18":{"line":258,"type":"if","locations":[{"start":{"line":258,"column":8},"end":{"line":258,"column":8},"skip":true},{"start":{"line":258,"column":8},"end":{"line":258,"column":8},"skip":true}]},"19":{"line":275,"type":"switch","locations":[{"start":{"line":276,"column":20},"end":{"line":277,"column":64},"skip":true},{"start":{"line":278,"column":20},"end":{"line":279,"column":40},"skip":true},{"start":{"line":280,"column":20},"end":{"line":281,"column":40},"skip":true},{"start":{"line":282,"column":20},"end":{"line":283,"column":39},"skip":true}]},"20":{"line":288,"type":"if","locations":[{"start":{"line":288,"column":8},"end":{"line":288,"column":8},"skip":true},{"start":{"line":288,"column":8},"end":{"line":288,"column":8},"skip":true}]},"21":{"line":288,"type":"binary-expr","locations":[{"start":{"line":288,"column":12},"end":{"line":288,"column":40},"skip":true},{"start":{"line":288,"column":44},"end":{"line":288,"column":67},"skip":true}]},"22":{"line":292,"type":"binary-expr","locations":[{"start":{"line":292,"column":12},"end":{"line":292,"column":50},"skip":true},{"start":{"line":293,"column":12},"end":{"line":293,"column":53},"skip":true}]},"23":{"line":297,"type":"binary-expr","locations":[{"start":{"line":297,"column":12},"end":{"line":297,"column":63},"skip":true},{"start":{"line":298,"column":12},"end":{"line":301,"column":36},"skip":true}]},"24":{"line":303,"type":"binary-expr","locations":[{"start":{"line":303,"column":43},"end":{"line":303,"column":75},"skip":true},{"start":{"line":303,"column":79},"end":{"line":303,"column":81},"skip":true}]},"25":{"line":306,"type":"if","locations":[{"start":{"line":306,"column":8},"end":{"line":306,"column":8},"skip":true},{"start":{"line":306,"column":8},"end":{"line":306,"column":8},"skip":true}]},"26":{"line":310,"type":"if","locations":[{"start":{"line":310,"column":8},"end":{"line":310,"column":8},"skip":true},{"start":{"line":310,"column":8},"end":{"line":310,"column":8},"skip":true}]},"27":{"line":313,"type":"binary-expr","locations":[{"start":{"line":313,"column":27},"end":{"line":313,"column":43},"skip":true},{"start":{"line":313,"column":47},"end":{"line":313,"column":53},"skip":true}]},"28":{"line":317,"type":"if","locations":[{"start":{"line":317,"column":12},"end":{"line":317,"column":12},"skip":true},{"start":{"line":317,"column":12},"end":{"line":317,"column":12},"skip":true}]}},"code":["/*","example.js","","quickstart example","","instruction","    1. save this script as example.js","    2. run the shell command:","        $ npm install npmtest-level && PORT=8081 node example.js","    3. play with the browser-demo on http://127.0.0.1:8081","*/","","","","/* istanbul instrument in package npmtest_level */","/*jslint","    bitwise: true,","    browser: true,","    maxerr: 8,","    maxlen: 96,","    node: true,","    nomen: true,","    regexp: true,","    stupid: true","*/","(function () {","    'use strict';","    var local;","","","","    // run shared js-env code - pre-init","    (function () {","        // init local","        local = {};","        // init modeJs","        local.modeJs = (function () {","            try {","                return typeof navigator.userAgent === 'string' &&","                    typeof document.querySelector('body') === 'object' &&","                    typeof XMLHttpRequest.prototype.open === 'function' &&","                    'browser';","            } catch (errorCaughtBrowser) {","                return module.exports &&","                    typeof process.versions.node === 'string' &&","                    typeof require('http').createServer === 'function' &&","                    'node';","            }","        }());","        // init global","        local.global = local.modeJs === 'browser'","            ? window","            : global;","        // init utility2_rollup","        local = local.global.utility2_rollup || (local.modeJs === 'browser'","            ? local.global.utility2_npmtest_level","            : global.utility2_moduleExports);","        // export local","        local.global.local = local;","    }());","    switch (local.modeJs) {","","","","    // post-init","    // run browser js-env code - post-init","    /* istanbul ignore next */","    case 'browser':","        local.testRunBrowser = function (event) {","            if (!event || (event &&","                    event.currentTarget &&","                    event.currentTarget.className &&","                    event.currentTarget.className.includes &&","                    event.currentTarget.className.includes('onreset'))) {","                // reset output","                Array.from(","                    document.querySelectorAll('body > .resettable')","                ).forEach(function (element) {","                    switch (element.tagName) {","                    case 'INPUT':","                    case 'TEXTAREA':","                        element.value = '';","                        break;","                    default:","                        element.textContent = '';","                    }","                });","            }","            switch (event && event.currentTarget && event.currentTarget.id) {","            case 'testRunButton1':","                // show tests","                if (document.querySelector('#testReportDiv1').style.display === 'none') {","                    document.querySelector('#testReportDiv1').style.display = 'block';","                    document.querySelector('#testRunButton1').textContent =","                        'hide internal test';","                    local.modeTest = true;","                    local.testRunDefault(local);","                // hide tests","                } else {","                    document.querySelector('#testReportDiv1').style.display = 'none';","                    document.querySelector('#testRunButton1').textContent = 'run internal test';","                }","                break;","            // custom-case","            default:","                break;","            }","            if (document.querySelector('#inputTextareaEval1') && (!event || (event &&","                    event.currentTarget &&","                    event.currentTarget.className &&","                    event.currentTarget.className.includes &&","                    event.currentTarget.className.includes('oneval')))) {","                // try to eval input-code","                try {","                    /*jslint evil: true*/","                    eval(document.querySelector('#inputTextareaEval1').value);","                } catch (errorCaught) {","                    console.error(errorCaught);","                }","            }","        };","        // log stderr and stdout to #outputTextareaStdout1","        ['error', 'log'].forEach(function (key) {","            console[key + '_original'] = console[key];","            console[key] = function () {","                var element;","                console[key + '_original'].apply(console, arguments);","                element = document.querySelector('#outputTextareaStdout1');","                if (!element) {","                    return;","                }","                // append text to #outputTextareaStdout1","                element.value += Array.from(arguments).map(function (arg) {","                    return typeof arg === 'string'","                        ? arg","                        : JSON.stringify(arg, null, 4);","                }).join(' ') + '\\n';","                // scroll textarea to bottom","                element.scrollTop = element.scrollHeight;","            };","        });","        // init event-handling","        ['change', 'click', 'keyup'].forEach(function (event) {","            Array.from(document.querySelectorAll('.on' + event)).forEach(function (element) {","                element.addEventListener(event, local.testRunBrowser);","            });","        });","        // run tests","        local.testRunBrowser();","        break;","","","","    // run node js-env code - post-init","    /* istanbul ignore next */","    case 'node':","        // export local","        module.exports = local;","        // require modules","        local.fs = require('fs');","        local.http = require('http');","        local.url = require('url');","        // init assets","        local.assetsDict = local.assetsDict || {};","        /* jslint-ignore-begin */","        local.assetsDict['/assets.index.template.html'] = '\\","<!doctype html>\\n\\","<html lang=\"en\">\\n\\","<head>\\n\\","<meta charset=\"UTF-8\">\\n\\","<meta name=\"viewport\" content=\"width=device-width, initial-scale=1\">\\n\\","<title>{{env.npm_package_name}} (v{{env.npm_package_version}})</title>\\n\\","<style>\\n\\","/*csslint\\n\\","    box-sizing: false,\\n\\","    universal-selector: false\\n\\","*/\\n\\","* {\\n\\","    box-sizing: border-box;\\n\\","}\\n\\","body {\\n\\","    background: #dde;\\n\\","    font-family: Arial, Helvetica, sans-serif;\\n\\","    margin: 2rem;\\n\\","}\\n\\","body > * {\\n\\","    margin-bottom: 1rem;\\n\\","}\\n\\",".utility2FooterDiv {\\n\\","    margin-top: 20px;\\n\\","    text-align: center;\\n\\","}\\n\\","</style>\\n\\","<style>\\n\\","/*csslint\\n\\","*/\\n\\","textarea {\\n\\","    font-family: monospace;\\n\\","    height: 10rem;\\n\\","    width: 100%;\\n\\","}\\n\\","textarea[readonly] {\\n\\","    background: #ddd;\\n\\","}\\n\\","</style>\\n\\","</head>\\n\\","<body>\\n\\","<!-- utility2-comment\\n\\","<div id=\"ajaxProgressDiv1\" style=\"background: #d00; height: 2px; left: 0; margin: 0; padding: 0; position: fixed; top: 0; transition: background 0.5s, width 1.5s; width: 25%;\"></div>\\n\\","utility2-comment -->\\n\\","<h1>\\n\\","<!-- utility2-comment\\n\\","    <a\\n\\","        {{#if env.npm_package_homepage}}\\n\\","        href=\"{{env.npm_package_homepage}}\"\\n\\","        {{/if env.npm_package_homepage}}\\n\\","        target=\"_blank\"\\n\\","    >\\n\\","utility2-comment -->\\n\\","        {{env.npm_package_name}} (v{{env.npm_package_version}})\\n\\","<!-- utility2-comment\\n\\","    </a>\\n\\","utility2-comment -->\\n\\","</h1>\\n\\","<h3>{{env.npm_package_description}}</h3>\\n\\","<!-- utility2-comment\\n\\","<h4><a download href=\"assets.app.js\">download standalone app</a></h4>\\n\\","<button class=\"onclick onreset\" id=\"testRunButton1\">run internal test</button><br>\\n\\","<div id=\"testReportDiv1\" style=\"display: none;\"></div>\\n\\","utility2-comment -->\\n\\","\\n\\","\\n\\","\\n\\","<label>stderr and stdout</label>\\n\\","<textarea class=\"resettable\" id=\"outputTextareaStdout1\" readonly></textarea>\\n\\","<!-- utility2-comment\\n\\","{{#if isRollup}}\\n\\","<script src=\"assets.app.js\"></script>\\n\\","{{#unless isRollup}}\\n\\","utility2-comment -->\\n\\","<script src=\"assets.utility2.rollup.js\"></script>\\n\\","<script src=\"jsonp.utility2._stateInit?callback=window.utility2._stateInit\"></script>\\n\\","<script src=\"assets.npmtest_level.rollup.js\"></script>\\n\\","<script src=\"assets.example.js\"></script>\\n\\","<script src=\"assets.test.js\"></script>\\n\\","<!-- utility2-comment\\n\\","{{/if isRollup}}\\n\\","utility2-comment -->\\n\\","<div class=\"utility2FooterDiv\">\\n\\","    [ this app was created with\\n\\","    <a href=\"https://github.com/kaizhu256/node-utility2\" target=\"_blank\">utility2</a>\\n\\","    ]\\n\\","</div>\\n\\","</body>\\n\\","</html>\\n\\","';","        /* jslint-ignore-end */","        if (local.templateRender) {","            local.assetsDict['/'] = local.templateRender(","                local.assetsDict['/assets.index.template.html'],","                {","                    env: local.objectSetDefault(local.env, {","                        npm_package_description: 'the greatest app in the world!',","                        npm_package_name: 'my-app',","                        npm_package_nameAlias: 'my_app',","                        npm_package_version: '0.0.1'","                    })","                }","            );","        } else {","            local.assetsDict['/'] = local.assetsDict['/assets.index.template.html']","                .replace((/\\{\\{env\\.(\\w+?)\\}\\}/g), function (match0, match1) {","                    // jslint-hack","                    String(match0);","                    switch (match1) {","                    case 'npm_package_description':","                        return 'the greatest app in the world!';","                    case 'npm_package_name':","                        return 'my-app';","                    case 'npm_package_nameAlias':","                        return 'my_app';","                    case 'npm_package_version':","                        return '0.0.1';","                    }","                });","        }","        // run the cli","        if (local.global.utility2_rollup || module !== require.main) {","            break;","        }","        local.assetsDict['/assets.example.js'] =","            local.assetsDict['/assets.example.js'] ||","            local.fs.readFileSync(__filename, 'utf8');","        // bug-workaround - long $npm_package_buildCustomOrg","        /* jslint-ignore-begin */","        local.assetsDict['/assets.npmtest_level.rollup.js'] =","            local.assetsDict['/assets.npmtest_level.rollup.js'] ||","            local.fs.readFileSync(","                local.npmtest_level.__dirname + '/lib.npmtest_level.js',","                'utf8'","            ).replace((/^#!/), '//');","        /* jslint-ignore-end */","        local.assetsDict['/favicon.ico'] = local.assetsDict['/favicon.ico'] || '';","        // if $npm_config_timeout_exit exists,","        // then exit this process after $npm_config_timeout_exit ms","        if (Number(process.env.npm_config_timeout_exit)) {","            setTimeout(process.exit, Number(process.env.npm_config_timeout_exit));","        }","        // start server","        if (local.global.utility2_serverHttp1) {","            break;","        }","        process.env.PORT = process.env.PORT || '8081';","        console.error('server starting on port ' + process.env.PORT);","        local.http.createServer(function (request, response) {","            request.urlParsed = local.url.parse(request.url);","            if (local.assetsDict[request.urlParsed.pathname] !== undefined) {","                response.end(local.assetsDict[request.urlParsed.pathname]);","                return;","            }","            response.statusCode = 404;","            response.end();","        }).listen(process.env.PORT);","        break;","    }","}());",""],"l":{"26":2,"28":2,"33":2,"35":2,"37":2,"38":2,"39":2,"44":1,"51":2,"55":2,"59":2,"61":2,"69":1,"70":2,"76":2,"79":2,"82":2,"83":2,"85":1,"89":2,"92":1,"93":1,"94":1,"96":1,"97":1,"100":1,"101":1,"103":1,"106":1,"108":2,"114":1,"116":1,"118":1,"123":1,"124":2,"125":2,"126":3,"127":3,"128":3,"129":3,"130":1,"133":3,"134":3,"139":3,"143":1,"144":3,"145":1,"149":1,"150":1,"158":1,"160":1,"161":1,"162":1,"164":1,"166":1,"258":1,"259":1,"271":1,"274":6,"275":6,"277":1,"279":2,"281":1,"283":2,"288":1,"289":1,"291":1,"296":1,"303":1,"306":1,"307":1,"310":1,"311":1,"313":1,"314":1,"315":1,"316":1,"317":1,"318":1,"319":1,"321":1,"322":1,"324":1}},"/home/travis/build/npmtest/node-npmtest-level/node_modules/level/level.js":{"path":"/home/travis/build/npmtest/node-npmtest-level/node_modules/level/level.js","s":{"1":1},"b":{},"f":{},"fnMap":{},"statementMap":{"1":{"start":{"line":1,"column":0},"end":{"line":1,"column":64}}},"branchMap":{},"code":["module.exports = require('level-packager')(require('leveldown'))"],"l":{"1":1}},"/home/travis/build/npmtest/node-npmtest-level/node_modules/level-packager/level-packager.js":{"path":"/home/travis/build/npmtest/node-npmtest-level/node_modules/level-packager/level-packager.js","s":{"1":1,"2":1,"3":1,"4":0,"5":0,"6":0,"7":0,"8":0,"9":0,"10":1,"11":2,"12":2,"13":0,"14":1,"15":1},"b":{"1":[0,0],"2":[0,0],"3":[0,0],"4":[2,0],"5":[0,0]},"f":{"1":1,"2":0,"3":2,"4":0,"5":0},"fnMap":{"1":{"name":"packager","line":3,"loc":{"start":{"line":3,"column":0},"end":{"line":3,"column":30}}},"2":{"name":"Level","line":4,"loc":{"start":{"line":4,"column":2},"end":{"line":4,"column":47}}},"3":{"name":"(anonymous_3)","line":15,"loc":{"start":{"line":15,"column":34},"end":{"line":15,"column":47}}},"4":{"name":"(anonymous_4)","line":17,"loc":{"start":{"line":17,"column":17},"end":{"line":17,"column":47}}},"5":{"name":"(anonymous_5)","line":18,"loc":{"start":{"line":18,"column":43},"end":{"line":18,"column":55}}}},"statementMap":{"1":{"start":{"line":1,"column":0},"end":{"line":1,"column":34}},"2":{"start":{"line":3,"column":0},"end":{"line":24,"column":1}},"3":{"start":{"line":4,"column":2},"end":{"line":13,"column":3}},"4":{"start":{"line":5,"column":4},"end":{"line":6,"column":24}},"5":{"start":{"line":6,"column":6},"end":{"line":6,"column":24}},"6":{"start":{"line":7,"column":4},"end":{"line":8,"column":19}},"7":{"start":{"line":8,"column":6},"end":{"line":8,"column":19}},"8":{"start":{"line":10,"column":4},"end":{"line":10,"column":26}},"9":{"start":{"line":12,"column":4},"end":{"line":12,"column":47}},"10":{"start":{"line":15,"column":2},"end":{"line":21,"column":4}},"11":{"start":{"line":16,"column":4},"end":{"line":20,"column":5}},"12":{"start":{"line":17,"column":6},"end":{"line":19,"column":7}},"13":{"start":{"line":18,"column":8},"end":{"line":18,"column":58}},"14":{"start":{"line":23,"column":2},"end":{"line":23,"column":14}},"15":{"start":{"line":26,"column":0},"end":{"line":26,"column":25}}},"branchMap":{"1":{"line":5,"type":"if","locations":[{"start":{"line":5,"column":4},"end":{"line":5,"column":4}},{"start":{"line":5,"column":4},"end":{"line":5,"column":4}}]},"2":{"line":7,"type":"if","locations":[{"start":{"line":7,"column":4},"end":{"line":7,"column":4}},{"start":{"line":7,"column":4},"end":{"line":7,"column":4}}]},"3":{"line":7,"type":"binary-expr","locations":[{"start":{"line":7,"column":10},"end":{"line":7,"column":37}},{"start":{"line":7,"column":41},"end":{"line":7,"column":57}}]},"4":{"line":16,"type":"if","locations":[{"start":{"line":16,"column":4},"end":{"line":16,"column":4}},{"start":{"line":16,"column":4},"end":{"line":16,"column":4}}]},"5":{"line":18,"type":"binary-expr","locations":[{"start":{"line":18,"column":31},"end":{"line":18,"column":39}},{"start":{"line":18,"column":43},"end":{"line":18,"column":57}}]}},"code":["const levelup = require('levelup')","","function packager (leveldown) {","  function Level (location, options, callback) {","    if (typeof options === 'function')","      callback = options","    if (!(typeof options === 'object' && options !== null))","      options  = {}","","    options.db = leveldown","","    return levelup(location, options, callback)","  }","","  [ 'destroy', 'repair' ].forEach(function (m) {","    if (typeof leveldown[m] === 'function') {","      Level[m] = function (location, callback) {","        leveldown[m](location, callback || function () {})","      }","    }","  })","","  return Level","}","","module.exports = packager",""],"l":{"1":1,"3":1,"4":1,"5":0,"6":0,"7":0,"8":0,"10":0,"12":0,"15":1,"16":2,"17":2,"18":0,"23":1,"26":1}},"/home/travis/build/npmtest/node-npmtest-level/node_modules/levelup/lib/levelup.js":{"path":"/home/travis/build/npmtest/node-npmtest-level/node_modules/levelup/lib/levelup.js","s":{"1":1,"2":1,"3":0,"4":1,"5":0,"6":0,"7":0,"8":0,"9":0,"10":0,"11":0,"12":0,"13":0,"14":0,"15":0,"16":0,"17":0,"18":0,"19":0,"20":0,"21":0,"22":0,"23":0,"24":0,"25":0,"26":0,"27":0,"28":0,"29":0,"30":0,"31":0,"32":1,"33":1,"34":0,"35":0,"36":0,"37":0,"38":0,"39":0,"40":0,"41":0,"42":0,"43":0,"44":0,"45":0,"46":0,"47":0,"48":0,"49":0,"50":0,"51":0,"52":0,"53":0,"54":0,"55":0,"56":0,"57":0,"58":1,"59":0,"60":0,"61":0,"62":0,"63":0,"64":0,"65":0,"66":0,"67":0,"68":0,"69":0,"70":0,"71":0,"72":0,"73":0,"74":0,"75":0,"76":1,"77":0,"78":1,"79":0,"80":1,"81":0,"82":1,"83":0,"84":0,"85":0,"86":1,"87":0,"88":1,"89":0,"90":1,"91":0,"92":0,"93":0,"94":0,"95":0,"96":0,"97":0,"98":0,"99":0,"100":0,"101":0,"102":0,"103":0,"104":0,"105":0,"106":0,"107":0,"108":0,"109":0,"110":0,"111":1,"112":0,"113":0,"114":0,"115":0,"116":0,"117":0,"118":0,"119":0,"120":0,"121":0,"122":0,"123":0,"124":0,"125":0,"126":0,"127":1,"128":0,"129":0,"130":0,"131":0,"132":0,"133":0,"134":0,"135":0,"136":0,"137":0,"138":0,"139":0,"140":0,"141":0,"142":1,"143":0,"144":0,"145":0,"146":0,"147":0,"148":0,"149":0,"150":0,"151":0,"152":0,"153":0,"154":0,"155":0,"156":0,"157":0,"158":0,"159":0,"160":0,"161":0,"162":0,"163":1,"164":0,"165":0,"166":0,"167":0,"168":0,"169":0,"170":0,"171":0,"172":0,"173":0,"174":0,"175":0,"176":1,"177":0,"178":0,"179":0,"180":0,"181":0,"182":0,"183":0,"184":0,"185":0,"186":1,"187":0,"188":1,"189":0,"190":1,"191":0,"192":1,"193":2,"194":0,"195":1,"196":1,"197":1,"198":1},"b":{"1":[0,0],"2":[0,0],"3":[0,0],"4":[0,0],"5":[0,0],"6":[0,0],"7":[0,0],"8":[0,0],"9":[0,0,0],"10":[0,0],"11":[0,0],"12":[0,0],"13":[0,0],"14":[0,0],"15":[0,0],"16":[0,0],"17":[0,0],"18":[0,0],"19":[0,0],"20":[0,0],"21":[0,0],"22":[0,0],"23":[0,0],"24":[0,0],"25":[0,0],"26":[0,0],"27":[0,0],"28":[0,0],"29":[0,0,0],"30":[0,0],"31":[0,0],"32":[0,0],"33":[0,0],"34":[0,0],"35":[0,0],"36":[0,0],"37":[0,0],"38":[0,0],"39":[0,0],"40":[0,0],"41":[0,0],"42":[0,0],"43":[0,0],"44":[0,0],"45":[0,0],"46":[0,0],"47":[0,0],"48":[0,0,0],"49":[0,0],"50":[0,0],"51":[0,0],"52":[0,0,0,0,0],"53":[0,0],"54":[0,0],"55":[0,0],"56":[0,0]},"f":{"1":0,"2":0,"3":0,"4":0,"5":0,"6":0,"7":0,"8":0,"9":0,"10":0,"11":0,"12":0,"13":0,"14":0,"15":0,"16":0,"17":0,"18":0,"19":0,"20":0,"21":0,"22":0,"23":0,"24":0,"25":0,"26":0,"27":0,"28":0,"29":0,"30":0,"31":0,"32":2,"33":0,"34":0},"fnMap":{"1":{"name":"getCallback","line":33,"loc":{"start":{"line":33,"column":0},"end":{"line":33,"column":41}}},"2":{"name":"LevelUP","line":45,"loc":{"start":{"line":45,"column":0},"end":{"line":45,"column":47}}},"3":{"name":"(anonymous_3)","line":73,"loc":{"start":{"line":73,"column":30},"end":{"line":73,"column":42}}},"4":{"name":"(anonymous_4)","line":92,"loc":{"start":{"line":92,"column":25},"end":{"line":92,"column":45}}},"5":{"name":"(anonymous_5)","line":99,"loc":{"start":{"line":99,"column":23},"end":{"line":99,"column":35}}},"6":{"name":"(anonymous_6)","line":106,"loc":{"start":{"line":106,"column":8},"end":{"line":106,"column":20}}},"7":{"name":"(anonymous_7)","line":117,"loc":{"start":{"line":117,"column":24},"end":{"line":117,"column":39}}},"8":{"name":"(anonymous_8)","line":132,"loc":{"start":{"line":132,"column":26},"end":{"line":132,"column":46}}},"9":{"name":"(anonymous_9)","line":137,"loc":{"start":{"line":137,"column":18},"end":{"line":137,"column":30}}},"10":{"name":"(anonymous_10)","line":150,"loc":{"start":{"line":150,"column":22},"end":{"line":150,"column":34}}},"11":{"name":"(anonymous_11)","line":156,"loc":{"start":{"line":156,"column":27},"end":{"line":156,"column":39}}},"12":{"name":"(anonymous_12)","line":160,"loc":{"start":{"line":160,"column":31},"end":{"line":160,"column":43}}},"13":{"name":"(anonymous_13)","line":164,"loc":{"start":{"line":164,"column":29},"end":{"line":164,"column":41}}},"14":{"name":"maybeError","line":168,"loc":{"start":{"line":168,"column":0},"end":{"line":168,"column":43}}},"15":{"name":"writeError","line":179,"loc":{"start":{"line":179,"column":0},"end":{"line":179,"column":44}}},"16":{"name":"readError","line":187,"loc":{"start":{"line":187,"column":0},"end":{"line":187,"column":43}}},"17":{"name":"(anonymous_17)","line":196,"loc":{"start":{"line":196,"column":24},"end":{"line":196,"column":59}}},"18":{"name":"(anonymous_18)","line":214,"loc":{"start":{"line":214,"column":28},"end":{"line":214,"column":50}}},"19":{"name":"(anonymous_19)","line":235,"loc":{"start":{"line":235,"column":24},"end":{"line":235,"column":67}}},"20":{"name":"(anonymous_20)","line":252,"loc":{"start":{"line":252,"column":35},"end":{"line":252,"column":50}}},"21":{"name":"(anonymous_21)","line":263,"loc":{"start":{"line":263,"column":24},"end":{"line":263,"column":59}}},"22":{"name":"(anonymous_22)","line":278,"loc":{"start":{"line":278,"column":28},"end":{"line":278,"column":43}}},"23":{"name":"(anonymous_23)","line":289,"loc":{"start":{"line":289,"column":26},"end":{"line":289,"column":61}}},"24":{"name":"(anonymous_24)","line":308,"loc":{"start":{"line":308,"column":21},"end":{"line":308,"column":35}}},"25":{"name":"(anonymous_25)","line":314,"loc":{"start":{"line":314,"column":30},"end":{"line":314,"column":45}}},"26":{"name":"(anonymous_26)","line":325,"loc":{"start":{"line":325,"column":46},"end":{"line":325,"column":89}}},"27":{"name":"(anonymous_27)","line":341,"loc":{"start":{"line":341,"column":38},"end":{"line":341,"column":59}}},"28":{"name":"(anonymous_28)","line":351,"loc":{"start":{"line":351,"column":37},"end":{"line":351,"column":56}}},"29":{"name":"(anonymous_29)","line":370,"loc":{"start":{"line":370,"column":36},"end":{"line":370,"column":55}}},"30":{"name":"(anonymous_30)","line":375,"loc":{"start":{"line":375,"column":38},"end":{"line":375,"column":57}}},"31":{"name":"(anonymous_31)","line":379,"loc":{"start":{"line":379,"column":29},"end":{"line":379,"column":41}}},"32":{"name":"utilStatic","line":383,"loc":{"start":{"line":383,"column":0},"end":{"line":383,"column":27}}},"33":{"name":"(anonymous_33)","line":384,"loc":{"start":{"line":384,"column":9},"end":{"line":384,"column":39}}},"34":{"name":"(anonymous_34)","line":385,"loc":{"start":{"line":385,"column":47},"end":{"line":385,"column":59}}}},"statementMap":{"1":{"start":{"line":7,"column":0},"end":{"line":31,"column":40}},"2":{"start":{"line":33,"column":0},"end":{"line":35,"column":1}},"3":{"start":{"line":34,"column":2},"end":{"line":34,"column":58}},"4":{"start":{"line":45,"column":0},"end":{"line":88,"column":1}},"5":{"start":{"line":46,"column":2},"end":{"line":47,"column":51}},"6":{"start":{"line":47,"column":4},"end":{"line":47,"column":51}},"7":{"start":{"line":49,"column":2},"end":{"line":49,"column":11}},"8":{"start":{"line":51,"column":2},"end":{"line":51,"column":25}},"9":{"start":{"line":52,"column":2},"end":{"line":52,"column":32}},"10":{"start":{"line":54,"column":2},"end":{"line":61,"column":3}},"11":{"start":{"line":55,"column":4},"end":{"line":55,"column":55}},"12":{"start":{"line":56,"column":4},"end":{"line":56,"column":25}},"13":{"start":{"line":57,"column":4},"end":{"line":57,"column":19}},"14":{"start":{"line":58,"column":9},"end":{"line":61,"column":3}},"15":{"start":{"line":59,"column":4},"end":{"line":59,"column":22}},"16":{"start":{"line":60,"column":4},"end":{"line":60,"column":19}},"17":{"start":{"line":64,"column":2},"end":{"line":67,"column":3}},"18":{"start":{"line":65,"column":4},"end":{"line":65,"column":22}},"19":{"start":{"line":66,"column":4},"end":{"line":66,"column":17}},"20":{"start":{"line":69,"column":2},"end":{"line":78,"column":3}},"21":{"start":{"line":70,"column":4},"end":{"line":71,"column":51}},"22":{"start":{"line":72,"column":4},"end":{"line":76,"column":5}},"23":{"start":{"line":73,"column":6},"end":{"line":75,"column":8}},"24":{"start":{"line":74,"column":8},"end":{"line":74,"column":23}},"25":{"start":{"line":77,"column":4},"end":{"line":77,"column":15}},"26":{"start":{"line":80,"column":2},"end":{"line":80,"column":36}},"27":{"start":{"line":81,"column":2},"end":{"line":81,"column":48}},"28":{"start":{"line":82,"column":2},"end":{"line":82,"column":39}},"29":{"start":{"line":83,"column":2},"end":{"line":83,"column":22}},"30":{"start":{"line":85,"column":2},"end":{"line":85,"column":38}},"31":{"start":{"line":87,"column":2},"end":{"line":87,"column":21}},"32":{"start":{"line":90,"column":0},"end":{"line":90,"column":31}},"33":{"start":{"line":92,"column":0},"end":{"line":130,"column":1}},"34":{"start":{"line":93,"column":2},"end":{"line":95,"column":8}},"35":{"start":{"line":97,"column":2},"end":{"line":101,"column":3}},"36":{"start":{"line":98,"column":4},"end":{"line":99,"column":60}},"37":{"start":{"line":99,"column":6},"end":{"line":99,"column":60}},"38":{"start":{"line":99,"column":37},"end":{"line":99,"column":58}},"39":{"start":{"line":100,"column":4},"end":{"line":100,"column":15}},"40":{"start":{"line":103,"column":2},"end":{"line":108,"column":3}},"41":{"start":{"line":104,"column":4},"end":{"line":107,"column":5}},"42":{"start":{"line":106,"column":22},"end":{"line":106,"column":43}},"43":{"start":{"line":110,"column":2},"end":{"line":110,"column":22}},"44":{"start":{"line":112,"column":2},"end":{"line":112,"column":26}},"45":{"start":{"line":113,"column":2},"end":{"line":113,"column":53}},"46":{"start":{"line":114,"column":2},"end":{"line":114,"column":50}},"47":{"start":{"line":115,"column":2},"end":{"line":115,"column":41}},"48":{"start":{"line":117,"column":2},"end":{"line":129,"column":4}},"49":{"start":{"line":118,"column":4},"end":{"line":128,"column":5}},"50":{"start":{"line":119,"column":6},"end":{"line":119,"column":62}},"51":{"start":{"line":121,"column":6},"end":{"line":121,"column":23}},"52":{"start":{"line":122,"column":6},"end":{"line":122,"column":18}},"53":{"start":{"line":123,"column":6},"end":{"line":123,"column":27}},"54":{"start":{"line":124,"column":6},"end":{"line":125,"column":28}},"55":{"start":{"line":125,"column":8},"end":{"line":125,"column":28}},"56":{"start":{"line":126,"column":6},"end":{"line":126,"column":23}},"57":{"start":{"line":127,"column":6},"end":{"line":127,"column":24}},"58":{"start":{"line":132,"column":0},"end":{"line":154,"column":1}},"59":{"start":{"line":133,"column":2},"end":{"line":133,"column":17}},"60":{"start":{"line":135,"column":2},"end":{"line":153,"column":3}},"61":{"start":{"line":136,"column":4},"end":{"line":136,"column":28}},"62":{"start":{"line":137,"column":4},"end":{"line":142,"column":6}},"63":{"start":{"line":138,"column":6},"end":{"line":138,"column":29}},"64":{"start":{"line":139,"column":6},"end":{"line":139,"column":25}},"65":{"start":{"line":140,"column":6},"end":{"line":141,"column":39}},"66":{"start":{"line":141,"column":8},"end":{"line":141,"column":39}},"67":{"start":{"line":143,"column":4},"end":{"line":143,"column":24}},"68":{"start":{"line":144,"column":4},"end":{"line":144,"column":50}},"69":{"start":{"line":145,"column":9},"end":{"line":153,"column":3}},"70":{"start":{"line":146,"column":4},"end":{"line":146,"column":37}},"71":{"start":{"line":147,"column":9},"end":{"line":153,"column":3}},"72":{"start":{"line":148,"column":4},"end":{"line":148,"column":33}},"73":{"start":{"line":149,"column":9},"end":{"line":153,"column":3}},"74":{"start":{"line":150,"column":4},"end":{"line":152,"column":6}},"75":{"start":{"line":151,"column":6},"end":{"line":151,"column":26}},"76":{"start":{"line":156,"column":0},"end":{"line":158,"column":1}},"77":{"start":{"line":157,"column":2},"end":{"line":157,"column":31}},"78":{"start":{"line":160,"column":0},"end":{"line":162,"column":1}},"79":{"start":{"line":161,"column":2},"end":{"line":161,"column":34}},"80":{"start":{"line":164,"column":0},"end":{"line":166,"column":1}},"81":{"start":{"line":165,"column":2},"end":{"line":165,"column":37}},"82":{"start":{"line":168,"column":0},"end":{"line":177,"column":1}},"83":{"start":{"line":169,"column":2},"end":{"line":176,"column":3}},"84":{"start":{"line":170,"column":4},"end":{"line":174,"column":5}},"85":{"start":{"line":175,"column":4},"end":{"line":175,"column":15}},"86":{"start":{"line":179,"column":0},"end":{"line":185,"column":1}},"87":{"start":{"line":180,"column":2},"end":{"line":184,"column":3}},"88":{"start":{"line":187,"column":0},"end":{"line":193,"column":1}},"89":{"start":{"line":188,"column":2},"end":{"line":192,"column":3}},"90":{"start":{"line":196,"column":0},"end":{"line":233,"column":1}},"91":{"start":{"line":197,"column":2},"end":{"line":198,"column":9}},"92":{"start":{"line":200,"column":2},"end":{"line":200,"column":43}},"93":{"start":{"line":202,"column":2},"end":{"line":203,"column":10}},"94":{"start":{"line":203,"column":4},"end":{"line":203,"column":10}},"95":{"start":{"line":205,"column":2},"end":{"line":207,"column":62}},"96":{"start":{"line":206,"column":4},"end":{"line":207,"column":62}},"97":{"start":{"line":209,"column":2},"end":{"line":209,"column":36}},"98":{"start":{"line":210,"column":2},"end":{"line":210,"column":44}},"99":{"start":{"line":212,"column":2},"end":{"line":212,"column":55}},"100":{"start":{"line":214,"column":2},"end":{"line":232,"column":4}},"101":{"start":{"line":215,"column":4},"end":{"line":223,"column":5}},"102":{"start":{"line":216,"column":6},"end":{"line":221,"column":7}},"103":{"start":{"line":217,"column":8},"end":{"line":218,"column":60}},"104":{"start":{"line":220,"column":8},"end":{"line":220,"column":32}},"105":{"start":{"line":222,"column":6},"end":{"line":222,"column":47}},"106":{"start":{"line":224,"column":4},"end":{"line":231,"column":5}},"107":{"start":{"line":225,"column":6},"end":{"line":229,"column":7}},"108":{"start":{"line":226,"column":8},"end":{"line":226,"column":55}},"109":{"start":{"line":228,"column":8},"end":{"line":228,"column":45}},"110":{"start":{"line":230,"column":6},"end":{"line":230,"column":27}},"111":{"start":{"line":235,"column":0},"end":{"line":261,"column":1}},"112":{"start":{"line":236,"column":2},"end":{"line":238,"column":11}},"113":{"start":{"line":240,"column":2},"end":{"line":240,"column":43}},"114":{"start":{"line":242,"column":2},"end":{"line":243,"column":70}},"115":{"start":{"line":243,"column":4},"end":{"line":243,"column":70}},"116":{"start":{"line":245,"column":2},"end":{"line":246,"column":10}},"117":{"start":{"line":246,"column":4},"end":{"line":246,"column":10}},"118":{"start":{"line":248,"column":2},"end":{"line":248,"column":31}},"119":{"start":{"line":249,"column":2},"end":{"line":249,"column":48}},"120":{"start":{"line":250,"column":2},"end":{"line":250,"column":52}},"121":{"start":{"line":252,"column":2},"end":{"line":260,"column":4}},"122":{"start":{"line":253,"column":4},"end":{"line":259,"column":5}},"123":{"start":{"line":254,"column":6},"end":{"line":254,"column":63}},"124":{"start":{"line":256,"column":6},"end":{"line":256,"column":36}},"125":{"start":{"line":257,"column":6},"end":{"line":258,"column":18}},"126":{"start":{"line":258,"column":8},"end":{"line":258,"column":18}},"127":{"start":{"line":263,"column":0},"end":{"line":287,"column":1}},"128":{"start":{"line":264,"column":2},"end":{"line":265,"column":9}},"129":{"start":{"line":267,"column":2},"end":{"line":267,"column":43}},"130":{"start":{"line":269,"column":2},"end":{"line":270,"column":70}},"131":{"start":{"line":270,"column":4},"end":{"line":270,"column":70}},"132":{"start":{"line":272,"column":2},"end":{"line":273,"column":10}},"133":{"start":{"line":273,"column":4},"end":{"line":273,"column":10}},"134":{"start":{"line":275,"column":2},"end":{"line":275,"column":31}},"135":{"start":{"line":276,"column":2},"end":{"line":276,"column":48}},"136":{"start":{"line":278,"column":2},"end":{"line":286,"column":4}},"137":{"start":{"line":279,"column":4},"end":{"line":285,"column":5}},"138":{"start":{"line":280,"column":6},"end":{"line":280,"column":63}},"139":{"start":{"line":282,"column":6},"end":{"line":282,"column":28}},"140":{"start":{"line":283,"column":6},"end":{"line":284,"column":18}},"141":{"start":{"line":284,"column":8},"end":{"line":284,"column":18}},"142":{"start":{"line":289,"column":0},"end":{"line":323,"column":1}},"143":{"start":{"line":290,"column":2},"end":{"line":293,"column":9}},"144":{"start":{"line":295,"column":2},"end":{"line":296,"column":39}},"145":{"start":{"line":296,"column":4},"end":{"line":296,"column":39}},"146":{"start":{"line":298,"column":2},"end":{"line":298,"column":43}},"147":{"start":{"line":300,"column":2},"end":{"line":301,"column":75}},"148":{"start":{"line":301,"column":4},"end":{"line":301,"column":75}},"149":{"start":{"line":303,"column":2},"end":{"line":304,"column":10}},"150":{"start":{"line":304,"column":4},"end":{"line":304,"column":10}},"151":{"start":{"line":306,"column":2},"end":{"line":306,"column":32}},"152":{"start":{"line":307,"column":2},"end":{"line":307,"column":51}},"153":{"start":{"line":308,"column":2},"end":{"line":312,"column":4}},"154":{"start":{"line":309,"column":4},"end":{"line":310,"column":21}},"155":{"start":{"line":310,"column":6},"end":{"line":310,"column":21}},"156":{"start":{"line":311,"column":4},"end":{"line":311,"column":13}},"157":{"start":{"line":314,"column":2},"end":{"line":322,"column":4}},"158":{"start":{"line":315,"column":4},"end":{"line":321,"column":5}},"159":{"start":{"line":316,"column":6},"end":{"line":316,"column":63}},"160":{"start":{"line":318,"column":6},"end":{"line":318,"column":30}},"161":{"start":{"line":319,"column":6},"end":{"line":320,"column":18}},"162":{"start":{"line":320,"column":8},"end":{"line":320,"column":18}},"163":{"start":{"line":325,"column":0},"end":{"line":348,"column":77}},"164":{"start":{"line":326,"column":2},"end":{"line":328,"column":9}},"165":{"start":{"line":330,"column":2},"end":{"line":330,"column":43}},"166":{"start":{"line":332,"column":2},"end":{"line":332,"column":31}},"167":{"start":{"line":334,"column":2},"end":{"line":336,"column":100}},"168":{"start":{"line":336,"column":4},"end":{"line":336,"column":100}},"169":{"start":{"line":338,"column":2},"end":{"line":338,"column":48}},"170":{"start":{"line":339,"column":2},"end":{"line":339,"column":46}},"171":{"start":{"line":341,"column":2},"end":{"line":347,"column":4}},"172":{"start":{"line":342,"column":4},"end":{"line":346,"column":5}},"173":{"start":{"line":343,"column":6},"end":{"line":343,"column":62}},"174":{"start":{"line":344,"column":11},"end":{"line":346,"column":5}},"175":{"start":{"line":345,"column":6},"end":{"line":345,"column":26}},"176":{"start":{"line":350,"column":0},"end":{"line":367,"column":1}},"177":{"start":{"line":352,"column":2},"end":{"line":352,"column":70}},"178":{"start":{"line":354,"column":2},"end":{"line":354,"column":45}},"179":{"start":{"line":355,"column":2},"end":{"line":355,"column":47}},"180":{"start":{"line":357,"column":2},"end":{"line":357,"column":44}},"181":{"start":{"line":358,"column":2},"end":{"line":358,"column":58}},"182":{"start":{"line":359,"column":2},"end":{"line":359,"column":60}},"183":{"start":{"line":361,"column":2},"end":{"line":362,"column":22}},"184":{"start":{"line":362,"column":4},"end":{"line":362,"column":22}},"185":{"start":{"line":364,"column":2},"end":{"line":366,"column":5}},"186":{"start":{"line":369,"column":0},"end":{"line":372,"column":1}},"187":{"start":{"line":371,"column":2},"end":{"line":371,"column":78}},"188":{"start":{"line":374,"column":0},"end":{"line":377,"column":1}},"189":{"start":{"line":376,"column":2},"end":{"line":376,"column":78}},"190":{"start":{"line":379,"column":0},"end":{"line":381,"column":1}},"191":{"start":{"line":380,"column":2},"end":{"line":380,"column":18}},"192":{"start":{"line":383,"column":0},"end":{"line":387,"column":1}},"193":{"start":{"line":384,"column":2},"end":{"line":386,"column":3}},"194":{"start":{"line":385,"column":4},"end":{"line":385,"column":62}},"195":{"start":{"line":389,"column":0},"end":{"line":389,"column":32}},"196":{"start":{"line":390,"column":0},"end":{"line":390,"column":48}},"197":{"start":{"line":391,"column":0},"end":{"line":394,"column":1}},"198":{"start":{"line":395,"column":0},"end":{"line":398,"column":1}}},"branchMap":{"1":{"line":34,"type":"cond-expr","locations":[{"start":{"line":34,"column":40},"end":{"line":34,"column":47}},{"start":{"line":34,"column":50},"end":{"line":34,"column":58}}]},"2":{"line":46,"type":"if","locations":[{"start":{"line":46,"column":2},"end":{"line":46,"column":2}},{"start":{"line":46,"column":2},"end":{"line":46,"column":2}}]},"3":{"line":54,"type":"if","locations":[{"start":{"line":54,"column":2},"end":{"line":54,"column":2}},{"start":{"line":54,"column":2},"end":{"line":54,"column":2}}]},"4":{"line":55,"type":"cond-expr","locations":[{"start":{"line":55,"column":43},"end":{"line":55,"column":50}},{"start":{"line":55,"column":53},"end":{"line":55,"column":55}}]},"5":{"line":58,"type":"if","locations":[{"start":{"line":58,"column":9},"end":{"line":58,"column":9}},{"start":{"line":58,"column":9},"end":{"line":58,"column":9}}]},"6":{"line":58,"type":"binary-expr","locations":[{"start":{"line":58,"column":13},"end":{"line":58,"column":40}},{"start":{"line":58,"column":44},"end":{"line":58,"column":76}}]},"7":{"line":64,"type":"if","locations":[{"start":{"line":64,"column":2},"end":{"line":64,"column":2}},{"start":{"line":64,"column":2},"end":{"line":64,"column":2}}]},"8":{"line":69,"type":"if","locations":[{"start":{"line":69,"column":2},"end":{"line":69,"column":2}},{"start":{"line":69,"column":2},"end":{"line":69,"column":2}}]},"9":{"line":69,"type":"binary-expr","locations":[{"start":{"line":69,"column":7},"end":{"line":69,"column":15}},{"start":{"line":69,"column":19},"end":{"line":69,"column":50}},{"start":{"line":69,"column":55},"end":{"line":69,"column":82}}]},"10":{"line":72,"type":"if","locations":[{"start":{"line":72,"column":4},"end":{"line":72,"column":4}},{"start":{"line":72,"column":4},"end":{"line":72,"column":4}}]},"11":{"line":97,"type":"if","locations":[{"start":{"line":97,"column":2},"end":{"line":97,"column":2}},{"start":{"line":97,"column":2},"end":{"line":97,"column":2}}]},"12":{"line":98,"type":"if","locations":[{"start":{"line":98,"column":4},"end":{"line":98,"column":4}},{"start":{"line":98,"column":4},"end":{"line":98,"column":4}}]},"13":{"line":103,"type":"if","locations":[{"start":{"line":103,"column":2},"end":{"line":103,"column":2}},{"start":{"line":103,"column":2},"end":{"line":103,"column":2}}]},"14":{"line":104,"type":"binary-expr","locations":[{"start":{"line":104,"column":11},"end":{"line":104,"column":19}},{"start":{"line":104,"column":23},"end":{"line":107,"column":5}}]},"15":{"line":114,"type":"binary-expr","locations":[{"start":{"line":114,"column":17},"end":{"line":114,"column":32}},{"start":{"line":114,"column":36},"end":{"line":114,"column":50}}]},"16":{"line":118,"type":"if","locations":[{"start":{"line":118,"column":4},"end":{"line":118,"column":4}},{"start":{"line":118,"column":4},"end":{"line":118,"column":4}}]},"17":{"line":124,"type":"if","locations":[{"start":{"line":124,"column":6},"end":{"line":124,"column":6}},{"start":{"line":124,"column":6},"end":{"line":124,"column":6}}]},"18":{"line":135,"type":"if","locations":[{"start":{"line":135,"column":2},"end":{"line":135,"column":2}},{"start":{"line":135,"column":2},"end":{"line":135,"column":2}}]},"19":{"line":140,"type":"if","locations":[{"start":{"line":140,"column":6},"end":{"line":140,"column":6}},{"start":{"line":140,"column":6},"end":{"line":140,"column":6}}]},"20":{"line":145,"type":"if","locations":[{"start":{"line":145,"column":9},"end":{"line":145,"column":9}},{"start":{"line":145,"column":9},"end":{"line":145,"column":9}}]},"21":{"line":145,"type":"binary-expr","locations":[{"start":{"line":145,"column":13},"end":{"line":145,"column":37}},{"start":{"line":145,"column":41},"end":{"line":145,"column":49}}]},"22":{"line":147,"type":"if","locations":[{"start":{"line":147,"column":9},"end":{"line":147,"column":9}},{"start":{"line":147,"column":9},"end":{"line":147,"column":9}}]},"23":{"line":147,"type":"binary-expr","locations":[{"start":{"line":147,"column":13},"end":{"line":147,"column":38}},{"start":{"line":147,"column":42},"end":{"line":147,"column":50}}]},"24":{"line":149,"type":"if","locations":[{"start":{"line":149,"column":9},"end":{"line":149,"column":9}},{"start":{"line":149,"column":9},"end":{"line":149,"column":9}}]},"25":{"line":169,"type":"if","locations":[{"start":{"line":169,"column":2},"end":{"line":169,"column":2}},{"start":{"line":169,"column":2},"end":{"line":169,"column":2}}]},"26":{"line":169,"type":"binary-expr","locations":[{"start":{"line":169,"column":6},"end":{"line":169,"column":22}},{"start":{"line":169,"column":26},"end":{"line":169,"column":38}}]},"27":{"line":202,"type":"if","locations":[{"start":{"line":202,"column":2},"end":{"line":202,"column":2}},{"start":{"line":202,"column":2},"end":{"line":202,"column":2}}]},"28":{"line":205,"type":"if","locations":[{"start":{"line":205,"column":2},"end":{"line":205,"column":2}},{"start":{"line":205,"column":2},"end":{"line":205,"column":2}}]},"29":{"line":205,"type":"binary-expr","locations":[{"start":{"line":205,"column":6},"end":{"line":205,"column":19}},{"start":{"line":205,"column":23},"end":{"line":205,"column":41}},{"start":{"line":205,"column":45},"end":{"line":205,"column":75}}]},"30":{"line":215,"type":"if","locations":[{"start":{"line":215,"column":4},"end":{"line":215,"column":4}},{"start":{"line":215,"column":4},"end":{"line":215,"column":4}}]},"31":{"line":216,"type":"if","locations":[{"start":{"line":216,"column":6},"end":{"line":216,"column":6}},{"start":{"line":216,"column":6},"end":{"line":216,"column":6}}]},"32":{"line":216,"type":"binary-expr","locations":[{"start":{"line":216,"column":10},"end":{"line":216,"column":33}},{"start":{"line":216,"column":37},"end":{"line":216,"column":49}}]},"33":{"line":224,"type":"if","locations":[{"start":{"line":224,"column":4},"end":{"line":224,"column":4}},{"start":{"line":224,"column":4},"end":{"line":224,"column":4}}]},"34":{"line":242,"type":"
[...]
"start":{"line":19,"column":4},"end":{"line":19,"column":59}},"12":{"start":{"line":22,"column":0},"end":{"line":38,"column":1}},"13":{"start":{"line":23,"column":2},"end":{"line":23,"column":22}},"14":{"start":{"line":25,"column":2},"end":{"line":25,"column":62}},"15":{"start":{"line":26,"column":2},"end":{"line":27,"column":13}},"16":{"start":{"line":27,"column":4},"end":{"line":27,"column":13}},"17":{"start":{"line":29,"column":2},"end":{"line":29,"column":31}},"18":{"start":{"line":30,"column":2},"end":{"line":30,"column":37}},"19":{"start":{"line":32,"column":2},"end":{"line":35,"column":66}},"20":{"start":{"line":33,"column":4},"end":{"line":33,"column":25}},"21":{"start":{"line":35,"column":4},"end":{"line":35,"column":66}},"22":{"start":{"line":37,"column":2},"end":{"line":37,"column":13}},"23":{"start":{"line":40,"column":0},"end":{"line":54,"column":1}},"24":{"start":{"line":41,"column":2},"end":{"line":41,"column":22}},"25":{"start":{"line":43,"column":2},"end":{"line":43,"column":62}},"26":{"start":{"line":44,"column":2},"end":{"line":44,"column":20}},"27":{"start":{"line":44,"column":11},"end":{"line":44,"column":20}},"28":{"start":{"line":46,"column":2},"end":{"line":46,"column":31}},"29":{"start":{"line":48,"column":2},"end":{"line":51,"column":52}},"30":{"start":{"line":49,"column":4},"end":{"line":49,"column":18}},"31":{"start":{"line":51,"column":4},"end":{"line":51,"column":52}},"32":{"start":{"line":53,"column":2},"end":{"line":53,"column":13}},"33":{"start":{"line":56,"column":0},"end":{"line":65,"column":1}},"34":{"start":{"line":57,"column":2},"end":{"line":57,"column":22}},"35":{"start":{"line":59,"column":2},"end":{"line":59,"column":23}},"36":{"start":{"line":61,"column":2},"end":{"line":62,"column":17}},"37":{"start":{"line":62,"column":4},"end":{"line":62,"column":17}},"38":{"start":{"line":64,"column":2},"end":{"line":64,"column":13}},"39":{"start":{"line":67,"column":0},"end":{"line":86,"column":1}},"40":{"start":{"line":68,"column":2},"end":{"line":68,"column":22}},"41":{"start":{"line":70,"column":2},"end":{"line":71,"column":22}},"42":{"start":{"line":71,"column":4},"end":{"line":71,"column":22}},"43":{"start":{"line":72,"column":2},"end":{"line":73,"column":59}},"44":{"start":{"line":73,"column":4},"end":{"line":73,"column":59}},"45":{"start":{"line":74,"column":2},"end":{"line":75,"column":16}},"46":{"start":{"line":75,"column":4},"end":{"line":75,"column":16}},"47":{"start":{"line":77,"column":2},"end":{"line":77,"column":22}},"48":{"start":{"line":79,"column":2},"end":{"line":80,"column":32}},"49":{"start":{"line":80,"column":4},"end":{"line":80,"column":32}},"50":{"start":{"line":82,"column":2},"end":{"line":83,"column":63}},"51":{"start":{"line":83,"column":4},"end":{"line":83,"column":63}},"52":{"start":{"line":85,"column":2},"end":{"line":85,"column":28}},"53":{"start":{"line":88,"column":0},"end":{"line":88,"column":37}}},"branchMap":{"1":{"line":18,"type":"if","locations":[{"start":{"line":18,"column":2},"end":{"line":18,"column":2}},{"start":{"line":18,"column":2},"end":{"line":18,"column":2}}]},"2":{"line":26,"type":"if","locations":[{"start":{"line":26,"column":2},"end":{"line":26,"column":2}},{"start":{"line":26,"column":2},"end":{"line":26,"column":2}}]},"3":{"line":32,"type":"if","locations":[{"start":{"line":32,"column":2},"end":{"line":32,"column":2}},{"start":{"line":32,"column":2},"end":{"line":32,"column":2}}]},"4":{"line":44,"type":"if","locations":[{"start":{"line":44,"column":2},"end":{"line":44,"column":2}},{"start":{"line":44,"column":2},"end":{"line":44,"column":2}}]},"5":{"line":48,"type":"if","locations":[{"start":{"line":48,"column":2},"end":{"line":48,"column":2}},{"start":{"line":48,"column":2},"end":{"line":48,"column":2}}]},"6":{"line":61,"type":"if","locations":[{"start":{"line":61,"column":2},"end":{"line":61,"column":2}},{"start":{"line":61,"column":2},"end":{"line":61,"column":2}}]},"7":{"line":70,"type":"if","locations":[{"start":{"line":70,"column":2},"end":{"line":70,"column":2}},{"start":{"line":70,"column":2},"end":{"line":70,"column":2}}]},"8":{"line":72,"type":"if","locations":[{"start":{"line":72,"column":2},"end":{"line":72,"column":2}},{"start":{"line":72,"column":2},"end":{"line":72,"column":2}}]},"9":{"line":74,"type":"if","locations":[{"start":{"line":74,"column":2},"end":{"line":74,"column":2}},{"start":{"line":74,"column":2},"end":{"line":74,"column":2}}]},"10":{"line":79,"type":"if","locations":[{"start":{"line":79,"column":2},"end":{"line":79,"column":2}},{"start":{"line":79,"column":2},"end":{"line":79,"column":2}}]},"11":{"line":82,"type":"if","locations":[{"start":{"line":82,"column":2},"end":{"line":82,"column":2}},{"start":{"line":82,"column":2},"end":{"line":82,"column":2}}]}},"code":["/* Copyright (c) 2013 Rod Vagg, MIT License */","","function AbstractChainedBatch (db) {","  this._db         = db","  this._operations = []","  this._written    = false","}","","AbstractChainedBatch.prototype._serializeKey = function (key) {","  return this._db._serializeKey(key)","}","","AbstractChainedBatch.prototype._serializeValue = function (value) {","  return this._db._serializeValue(value)","}","","AbstractChainedBatch.prototype._checkWritten = function () {","  if (this._written)","    throw new Error('write() already called on this batch')","}","","AbstractChainedBatch.prototype.put = function (key, value) {","  this._checkWritten()","","  var err = this._db._checkKey(key, 'key', this._db._isBuffer)","  if (err)","    throw err","","  key = this._serializeKey(key)","  value = this._serializeValue(value)","","  if (typeof this._put == 'function' )","    this._put(key, value)","  else","    this._operations.push({ type: 'put', key: key, value: value })","","  return this","}","","AbstractChainedBatch.prototype.del = function (key) {","  this._checkWritten()","","  var err = this._db._checkKey(key, 'key', this._db._isBuffer)","  if (err) throw err","","  key = this._serializeKey(key)","","  if (typeof this._del == 'function' )","    this._del(key)","  else","    this._operations.push({ type: 'del', key: key })","","  return this","}","","AbstractChainedBatch.prototype.clear = function () {","  this._checkWritten()","","  this._operations = []","","  if (typeof this._clear == 'function' )","    this._clear()","","  return this","}","","AbstractChainedBatch.prototype.write = function (options, callback) {","  this._checkWritten()","","  if (typeof options == 'function')","    callback = options","  if (typeof callback != 'function')","    throw new Error('write() requires a callback argument')","  if (typeof options != 'object')","    options = {}","","  this._written = true","","  if (typeof this._write == 'function' )","    return this._write(callback)","","  if (typeof this._db._batch == 'function')","    return this._db._batch(this._operations, options, callback)","","  process.nextTick(callback)","}","","module.exports = AbstractChainedBatch",""],"l":{"3":1,"4":0,"5":0,"6":0,"9":1,"10":0,"13":1,"14":0,"17":1,"18":0,"19":0,"22":1,"23":0,"25":0,"26":0,"27":0,"29":0,"30":0,"32":0,"33":0,"35":0,"37":0,"40":1,"41":0,"43":0,"44":0,"46":0,"48":0,"49":0,"51":0,"53":0,"56":1,"57":0,"59":0,"61":0,"62":0,"64":0,"67":1,"68":0,"70":0,"71":0,"72":0,"73":0,"74":0,"75":0,"77":0,"79":0,"80":0,"82":0,"83":0,"85":0,"88":1}},"/home/travis/build/npmtest/node-npmtest-level/node_modules/leveldown/node_modules/abstract-leveldown/is-leveldown.js":{"path":"/home/travis/build/npmtest/node-npmtest-level/node_modules/leveldown/node_modules/abstract-leveldown/is-leveldown.js","s":{"1":1,"2":1,"3":0,"4":0,"5":0,"6":0,"7":0,"8":1},"b":{"1":[0,0],"2":[0,0],"3":[0,0]},"f":{"1":0,"2":0,"3":0},"fnMap":{"1":{"name":"isLevelDOWN","line":3,"loc":{"start":{"line":3,"column":0},"end":{"line":3,"column":26}}},"2":{"name":"(anonymous_2)","line":6,"loc":{"start":{"line":6,"column":57},"end":{"line":6,"column":73}}},"3":{"name":"(anonymous_3)","line":9,"loc":{"start":{"line":9,"column":11},"end":{"line":9,"column":27}}}},"statementMap":{"1":{"start":{"line":1,"column":0},"end":{"line":1,"column":55}},"2":{"start":{"line":3,"column":0},"end":{"line":12,"column":1}},"3":{"start":{"line":4,"column":2},"end":{"line":5,"column":16}},"4":{"start":{"line":5,"column":4},"end":{"line":5,"column":16}},"5":{"start":{"line":6,"column":2},"end":{"line":11,"column":4}},"6":{"start":{"line":8,"column":4},"end":{"line":8,"column":54}},"7":{"start":{"line":10,"column":4},"end":{"line":10,"column":40}},"8":{"start":{"line":14,"column":0},"end":{"line":14,"column":28}}},"branchMap":{"1":{"line":4,"type":"if","locations":[{"start":{"line":4,"column":2},"end":{"line":4,"column":2}},{"start":{"line":4,"column":2},"end":{"line":4,"column":2}}]},"2":{"line":4,"type":"binary-expr","locations":[{"start":{"line":4,"column":6},"end":{"line":4,"column":9}},{"start":{"line":4,"column":13},"end":{"line":4,"column":35}}]},"3":{"line":8,"type":"binary-expr","locations":[{"start":{"line":8,"column":11},"end":{"line":8,"column":25}},{"start":{"line":8,"column":29},"end":{"line":8,"column":54}}]}},"code":["var AbstractLevelDOWN = require('./abstract-leveldown')","","function isLevelDOWN (db) {","  if (!db || typeof db !== 'object')","    return false","  return Object.keys(AbstractLevelDOWN.prototype).filter(function (name) {","    // TODO remove approximateSize check when method is gone","    return name[0] != '_' && name != 'approximateSize'","  }).every(function (name) {","    return typeof db[name] == 'function'","  })","}","","module.exports = isLevelDOWN",""],"l":{"1":1,"3":1,"4":0,"5":0,"6":0,"8":0,"10":0,"14":1}},"/home/travis/build/npmtest/node-npmtest-level/node_modules/leveldown/chained-batch.js":{"path":"/home/travis/build/npmtest/node-npmtest-level/node_modules/leveldown/chained-batch.js","s":{"1":1,"2":1,"3":0,"4":0,"5":1,"6":0,"7":1,"8":0,"9":1,"10":0,"11":1,"12":0,"13":1,"14":1},"b":{},"f":{"1":0,"2":0,"3":0,"4":0,"5":0},"fnMap":{"1":{"name":"ChainedBatch","line":5,"loc":{"start":{"line":5,"column":0},"end":{"line":5,"column":27}}},"2":{"name":"(anonymous_2)","line":11,"loc":{"start":{"line":11,"column":30},"end":{"line":11,"column":52}}},"3":{"name":"(anonymous_3)","line":16,"loc":{"start":{"line":16,"column":30},"end":{"line":16,"column":45}}},"4":{"name":"(anonymous_4)","line":21,"loc":{"start":{"line":21,"column":32},"end":{"line":21,"column":47}}},"5":{"name":"(anonymous_5)","line":26,"loc":{"start":{"line":26,"column":32},"end":{"line":26,"column":61}}}},"statementMap":{"1":{"start":{"line":1,"column":0},"end":{"line":2,"column":79}},"2":{"start":{"line":5,"column":0},"end":{"line":8,"column":1}},"3":{"start":{"line":6,"column":2},"end":{"line":6,"column":37}},"4":{"start":{"line":7,"column":2},"end":{"line":7,"column":35}},"5":{"start":{"line":11,"column":0},"end":{"line":13,"column":1}},"6":{"start":{"line":12,"column":2},"end":{"line":12,"column":30}},"7":{"start":{"line":16,"column":0},"end":{"line":18,"column":1}},"8":{"start":{"line":17,"column":2},"end":{"line":17,"column":23}},"9":{"start":{"line":21,"column":0},"end":{"line":23,"column":1}},"10":{"start":{"line":22,"column":2},"end":{"line":22,"column":25}},"11":{"start":{"line":26,"column":0},"end":{"line":28,"column":1}},"12":{"start":{"line":27,"column":2},"end":{"line":27,"column":39}},"13":{"start":{"line":30,"column":0},"end":{"line":30,"column":49}},"14":{"start":{"line":33,"column":0},"end":{"line":33,"column":29}}},"branchMap":{},"code":["const util                 = require('util')","    , AbstractChainedBatch = require('abstract-leveldown').AbstractChainedBatch","","","function ChainedBatch (db) {","  AbstractChainedBatch.call(this, db)","  this.binding = db.binding.batch()","}","","","ChainedBatch.prototype._put = function (key, value) {","  this.binding.put(key, value)","}","","","ChainedBatch.prototype._del = function (key) {","  this.binding.del(key)","}","","","ChainedBatch.prototype._clear = function (key) {","  this.binding.clear(key)","}","","","ChainedBatch.prototype._write = function (options, callback) {","  this.binding.write(options, callback)","}","","util.inherits(ChainedBatch, AbstractChainedBatch)","","","module.exports = ChainedBatch"],"l":{"1":1,"5":1,"6":0,"7":0,"11":1,"12":0,"16":1,"17":0,"21":1,"22":0,"26":1,"27":0,"30":1,"33":1}},"/home/travis/build/npmtest/node-npmtest-level/node_modules/leveldown/iterator.js":{"path":"/home/travis/build/npmtest/node-npmtest-level/node_modules/leveldown/iterator.js","s":{"1":1,"2":1,"3":0,"4":0,"5":0,"6":0,"7":0,"8":1,"9":1,"10":0,"11":0,"12":0,"13":0,"14":0,"15":0,"16":0,"17":0,"18":0,"19":0,"20":0,"21":1,"22":0,"23":0,"24":0,"25":0,"26":0,"27":0,"28":0,"29":0,"30":0,"31":0,"32":0,"33":0,"34":0,"35":0,"36":0,"37":0,"38":1,"39":0,"40":0,"41":1},"b":{"1":[0,0],"2":[0,0],"3":[0,0],"4":[0,0],"5":[0,0],"6":[0,0],"7":[0,0],"8":[0,0],"9":[0,0]},"f":{"1":0,"2":0,"3":0,"4":0,"5":0,"6":0,"7":0},"fnMap":{"1":{"name":"Iterator","line":6,"loc":{"start":{"line":6,"column":0},"end":{"line":6,"column":32}}},"2":{"name":"(anonymous_2)","line":17,"loc":{"start":{"line":17,"column":26},"end":{"line":17,"column":44}}},"3":{"name":"(anonymous_3)","line":33,"loc":{"start":{"line":33,"column":27},"end":{"line":33,"column":47}}},"4":{"name":"(anonymous_4)","line":42,"loc":{"start":{"line":42,"column":20},"end":{"line":42,"column":32}}},"5":{"name":"(anonymous_5)","line":47,"loc":{"start":{"line":47,"column":20},"end":{"line":47,"column":32}}},"6":{"name":"(anonymous_6)","line":51,"loc":{"start":{"line":51,"column":22},"end":{"line":51,"column":54}}},"7":{"name":"(anonymous_7)","line":64,"loc":{"start":{"line":64,"column":26},"end":{"line":64,"column":46}}}},"statementMap":{"1":{"start":{"line":1,"column":0},"end":{"line":3,"column":47}},"2":{"start":{"line":6,"column":0},"end":{"line":13,"column":1}},"3":{"start":{"line":7,"column":2},"end":{"line":7,"column":33}},"4":{"start":{"line":9,"column":2},"end":{"line":9,"column":48}},"5":{"start":{"line":10,"column":2},"end":{"line":10,"column":24}},"6":{"start":{"line":11,"column":2},"end":{"line":11,"column":25}},"7":{"start":{"line":12,"column":2},"end":{"line":12,"column":32}},"8":{"start":{"line":15,"column":0},"end":{"line":15,"column":41}},"9":{"start":{"line":17,"column":0},"end":{"line":31,"column":1}},"10":{"start":{"line":18,"column":2},"end":{"line":19,"column":53}},"11":{"start":{"line":19,"column":4},"end":{"line":19,"column":53}},"12":{"start":{"line":20,"column":2},"end":{"line":21,"column":69}},"13":{"start":{"line":21,"column":4},"end":{"line":21,"column":69}},"14":{"start":{"line":23,"column":2},"end":{"line":24,"column":61}},"15":{"start":{"line":24,"column":4},"end":{"line":24,"column":61}},"16":{"start":{"line":25,"column":2},"end":{"line":26,"column":52}},"17":{"start":{"line":26,"column":4},"end":{"line":26,"column":52}},"18":{"start":{"line":28,"column":2},"end":{"line":28,"column":19}},"19":{"start":{"line":29,"column":2},"end":{"line":29,"column":27}},"20":{"start":{"line":30,"column":2},"end":{"line":30,"column":23}},"21":{"start":{"line":33,"column":0},"end":{"line":61,"column":1}},"22":{"start":{"line":34,"column":2},"end":{"line":36,"column":11}},"23":{"start":{"line":38,"column":2},"end":{"line":58,"column":3}},"24":{"start":{"line":39,"column":4},"end":{"line":39,"column":28}},"25":{"start":{"line":40,"column":4},"end":{"line":40,"column":28}},"26":{"start":{"line":42,"column":4},"end":{"line":44,"column":6}},"27":{"start":{"line":43,"column":6},"end":{"line":43,"column":32}},"28":{"start":{"line":46,"column":9},"end":{"line":58,"column":3}},"29":{"start":{"line":47,"column":4},"end":{"line":49,"column":6}},"30":{"start":{"line":48,"column":6},"end":{"line":48,"column":16}},"31":{"start":{"line":51,"column":4},"end":{"line":57,"column":6}},"32":{"start":{"line":52,"column":6},"end":{"line":52,"column":35}},"33":{"start":{"line":52,"column":15},"end":{"line":52,"column":35}},"34":{"start":{"line":54,"column":6},"end":{"line":54,"column":27}},"35":{"start":{"line":55,"column":6},"end":{"line":55,"column":30}},"36":{"start":{"line":56,"column":6},"end":{"line":56,"column":26}},"37":{"start":{"line":60,"column":2},"end":{"line":60,"column":13}},"38":{"start":{"line":64,"column":0},"end":{"line":67,"column":1}},"39":{"start":{"line":65,"column":2},"end":{"line":65,"column":19}},"40":{"start":{"line":66,"column":2},"end":{"line":66,"column":28}},"41":{"start":{"line":70,"column":0},"end":{"line":70,"column":25}}},"branchMap":{"1":{"line":18,"type":"if","locations":[{"start":{"line":18,"column":2},"end":{"line":18,"column":2}},{"start":{"line":18,"column":2},"end":{"line":18,"column":2}}]},"2":{"line":20,"type":"if","locations":[{"start":{"line":20,"column":2},"end":{"line":20,"column":2}},{"start":{"line":20,"column":2},"end":{"line":20,"column":2}}]},"3":{"line":23,"type":"if","locations":[{"start":{"line":23,"column":2},"end":{"line":23,"column":2}},{"start":{"line":23,"column":2},"end":{"line":23,"column":2}}]},"4":{"line":23,"type":"binary-expr","locations":[{"start":{"line":23,"column":6},"end":{"line":23,"column":32}},{"start":{"line":23,"column":36},"end":{"line":23,"column":60}}]},"5":{"line":25,"type":"if","locations":[{"start":{"line":25,"column":2},"end":{"line":25,"column":2}},{"start":{"line":25,"column":2},"end":{"line":25,"column":2}}]},"6":{"line":38,"type":"if","locations":[{"start":{"line":38,"column":2},"end":{"line":38,"column":2}},{"start":{"line":38,"column":2},"end":{"line":38,"column":2}}]},"7":{"line":38,"type":"binary-expr","locations":[{"start":{"line":38,"column":6},"end":{"line":38,"column":16}},{"start":{"line":38,"column":20},"end":{"line":38,"column":37}}]},"8":{"line":46,"type":"if","locations":[{"start":{"line":46,"column":9},"end":{"line":46,"column":9}},{"start":{"line":46,"column":9},"end":{"line":46,"column":9}}]},"9":{"line":52,"type":"if","locations":[{"start":{"line":52,"column":6},"end":{"line":52,"column":6}},{"start":{"line":52,"column":6},"end":{"line":52,"column":6}}]}},"code":["const util             = require('util')","    , AbstractIterator = require('abstract-leveldown').AbstractIterator","    , fastFuture       = require('fast-future')","","","function Iterator (db, options) {","  AbstractIterator.call(this, db)","","  this.binding    = db.binding.iterator(options)","  this.cache      = null","  this.finished   = false","  this.fastFuture = fastFuture()","}","","util.inherits(Iterator, AbstractIterator)","","Iterator.prototype.seek = function (target) {","  if (this._ended)","    throw new Error('cannot call seek() after end()')","  if (this._nexting)","    throw new Error('cannot call seek() before next() has completed')","","  if (typeof target !== 'string' && !Buffer.isBuffer(target))","    throw new Error('seek() requires a string or buffer key')","  if (target.length == 0)","    throw new Error('cannot seek() to an empty key')","","  this.cache = null","  this.binding.seek(target)","  this.finished = false","}","","Iterator.prototype._next = function (callback) {","  var that = this","    , key","    , value","","  if (this.cache && this.cache.length) {","    key   = this.cache.pop()","    value = this.cache.pop()","","    this.fastFuture(function () {","      callback(null, key, value)","    })","","  } else if (this.finished) {","    this.fastFuture(function () {","      callback()","    })","  } else {","    this.binding.next(function (err, array, finished) {","      if (err) return callback(err)","","      that.cache    = array","      that.finished = finished","      that._next(callback)","    })","  }","","  return this","}","","","Iterator.prototype._end = function (callback) {","  delete this.cache","  this.binding.end(callback)","}","","","module.exports = Iterator",""],"l":{"1":1,"6":1,"7":0,"9":0,"10":0,"11":0,"12":0,"15":1,"17":1,"18":0,"19":0,"20":0,"21":0,"23":0,"24":0,"25":0,"26":0,"28":0,"29":0,"30":0,"33":1,"34":0,"38":0,"39":0,"40":0,"42":0,"43":0,"46":0,"47":0,"48":0,"51":0,"52":0,"54":0,"55":0,"56":0,"60":0,"64":1,"65":0,"66":0,"70":1}}}